#
# A fatal error has been detected by the Java Runtime Environment:
#
#  EXCEPTION_ACCESS_VIOLATION (0xc0000005) at pc=0x00007ff834535a85, pid=6552, tid=10688
#
# JRE version: OpenJDK Runtime Environment (11.0.3+7) (build 11.0.3+7)
# Java VM: OpenJDK 64-Bit Server VM (11.0.3+7, mixed mode, tiered, compressed oops, g1 gc, windows-amd64)
# Problematic frame:
# V  [jvm.dll+0x195a85]
#
# No core dump will be written. Minidumps are not enabled by default on client versions of Windows
#
# If you would like to submit a bug report, please visit:
#   https://github.com/AdoptOpenJDK/openjdk-build/issues
#

---------------  S U M M A R Y ------------

Command Line: -ea -Dfile.encoding=UTF-8 org.eclipse.jdt.internal.junit.runner.RemoteTestRunner -version 3 -port 49816 -testLoaderClass org.eclipse.jdt.internal.junit5.runner.JUnit5TestLoader -loaderpluginname org.eclipse.jdt.junit5.runtime -test com.example.recipeservice.RecipeControllerTest:getRecipeByDish

Host: Intel(R) Pentium(R) CPU N4200 @ 1.10GHz, 4 cores, 3G,  Windows 10 , 64 bit Build 18362 (10.0.18362.329)
Time: Tue Apr 14 22:23:59 2020 Central European Daylight Time elapsed time: 35 seconds (0d 0h 0m 35s)

---------------  T H R E A D  ---------------

Current thread (0x000001d7e63c1000):  JavaThread "C2 CompilerThread0" daemon [_thread_in_native, id=10688, stack(0x000000ca51b00000,0x000000ca51c00000)]


Current CompileTask:
C2:  35849 6045       4       java.beans.MethodRef::set (58 bytes)

Stack: [0x000000ca51b00000,0x000000ca51c00000],  sp=0x000000ca51bfb560,  free space=1005k
Native frames: (J=compiled Java code, j=interpreted, Vv=VM code, C=native code)
V  [jvm.dll+0x195a85]
V  [jvm.dll+0x34128b]
V  [jvm.dll+0x33ff74]
V  [jvm.dll+0x192fb5]
V  [jvm.dll+0x1f9e22]
V  [jvm.dll+0x1f8ecf]
V  [jvm.dll+0x17de9b]
V  [jvm.dll+0x207cb7]
V  [jvm.dll+0x20621e]
V  [jvm.dll+0x6d397c]
V  [jvm.dll+0x6cc9cc]
V  [jvm.dll+0x5d5e96]
C  [ucrtbase.dll+0x20e72]
C  [KERNEL32.DLL+0x17bd4]
C  [ntdll.dll+0x6ced1]


siginfo: EXCEPTION_ACCESS_VIOLATION (0xc0000005), reading address 0x0000000c00000008


Register to memory mapping:

RIP=0x00007ff834535a85 jvm.dll
RAX=0x00007ff834d88768 jvm.dll
RBX=0x000001d7f0506f30 points into unknown readable memory: 00 00 00 00 00 00 00 00
RCX=0x0000000000000002 is an unknown value
RDX=0x0000000000000004 is an unknown value
RSP=0x000000ca51bfb560 is pointing into the stack for thread: 0x000001d7e63c1000
RBP=0x00007ff8343a0000 jvm.dll
RSI=0x0000000000000002 is an unknown value
RDI=0x0000000000000002 is an unknown value
R8 =0x0000000c00000000 is an unknown value
R9 =0x0000000000001642 is an unknown value
R10=0x00007ff8343a0000 jvm.dll
R11=0x000000ca51bfb690 is pointing into the stack for thread: 0x000001d7e63c1000
R12=0x0 is NULL
R13=0x000001d7eaedea10 points into unknown readable memory: 90 6c b7 34 f8 7f 00 00
R14=0x0 is NULL
R15=0x000001d7eb29f4e0 points into unknown readable memory: e8 ba b8 34 f8 7f 00 00


Registers:
RAX=0x00007ff834d88768, RBX=0x000001d7f0506f30, RCX=0x0000000000000002, RDX=0x0000000000000004
RSP=0x000000ca51bfb560, RBP=0x00007ff8343a0000, RSI=0x0000000000000002, RDI=0x0000000000000002
R8 =0x0000000c00000000, R9 =0x0000000000001642, R10=0x00007ff8343a0000, R11=0x000000ca51bfb690
R12=0x0000000000000000, R13=0x000001d7eaedea10, R14=0x0000000000000000, R15=0x000001d7eb29f4e0
RIP=0x00007ff834535a85, EFLAGS=0x0000000000010202

Top of Stack: (sp=0x000000ca51bfb560)
0x000000ca51bfb560:   000001d7f052f570 0000000000000000
0x000000ca51bfb570:   0000000000000000 0000000000000000
0x000000ca51bfb580:   000001d7f0648f30 00007ff8346e128b
0x000000ca51bfb590:   000000ca51bfbc60 00000000000016cb
0x000000ca51bfb5a0:   000000ca51bfbc60 0000000000000000
0x000000ca51bfb5b0:   0000164500000000 0000000000000003
0x000000ca51bfb5c0:   000001d7f0db5bc0 00007ff800000017
0x000000ca51bfb5d0:   000001d7f0db5c90 000001d700000020
0x000000ca51bfb5e0:   000000ca51bfb690 000000000000000d
0x000000ca51bfb5f0:   000001d7f0648f30 00007ff8346dff74
0x000000ca51bfb600:   000000ca51bfbc60 000000ca51bfb700
0x000000ca51bfb610:   000000000000000d 0000000000000000
0x000000ca51bfb620:   000000ca51bfb650 3fe1160757903515
0x000000ca51bfb630:   0000000d00000000 0000000d00000001
0x000000ca51bfb640:   0000000000000000 0000000000000001
0x000000ca51bfb650:   0000000d00000000 0000000e00000000 

Instructions: (pc=0x00007ff834535a85)
0x00007ff834535a65:   48 8b cb e8 53 03 1b 00 4c 8b c0 48 c1 ee 05 83
0x00007ff834535a75:   e7 1f 83 e6 07 40 0f b6 cf ba 01 00 00 00 d3 e2
0x00007ff834535a85:   41 8b 0c b0 8b c1 0b c2 41 89 04 b0 48 8b 74 24
0x00007ff834535a95:   30 23 ca 75 02 ff 03 48 8b 5c 24 38 85 c9 0f 94 


Stack slot to memory mapping:
stack at sp + 0 slots: 0x000001d7f052f570 points into unknown readable memory: 03 00 00 00 00 00 00 00
stack at sp + 1 slots: 0x0 is NULL
stack at sp + 2 slots: 0x0 is NULL
stack at sp + 3 slots: 0x0 is NULL
stack at sp + 4 slots: 0x000001d7f0648f30 points into unknown readable memory: 16 f4 28 eb aa a3 c2 3f
stack at sp + 5 slots: 0x00007ff8346e128b jvm.dll
stack at sp + 6 slots: 0x000000ca51bfbc60 is pointing into the stack for thread: 0x000001d7e63c1000
stack at sp + 7 slots: 0x00000000000016cb is an unknown value


---------------  P R O C E S S  ---------------

Threads class SMR info:
_java_thread_list=0x000001d7ec99c000, length=15, elements={
0x000001d7ca41a800, 0x000001d7e63a3800, 0x000001d7e63af800, 0x000001d7e6d22800,
0x000001d7e6d23800, 0x000001d7e63c1000, 0x000001d7e63cb000, 0x000001d7e63da000,
0x000001d7e6fcf000, 0x000001d7e6dec800, 0x000001d7e77d4000, 0x000001d7eae1c800,
0x000001d7e8115000, 0x000001d7e9ab0800, 0x000001d7e9f92000
}

Java Threads: ( => current thread )
  0x000001d7ca41a800 JavaThread "main" [_thread_in_native, id=9176, stack(0x000000ca51000000,0x000000ca51100000)]
  0x000001d7e63a3800 JavaThread "Reference Handler" daemon [_thread_blocked, id=6440, stack(0x000000ca51700000,0x000000ca51800000)]
  0x000001d7e63af800 JavaThread "Finalizer" daemon [_thread_blocked, id=11876, stack(0x000000ca51800000,0x000000ca51900000)]
  0x000001d7e6d22800 JavaThread "Signal Dispatcher" daemon [_thread_blocked, id=9888, stack(0x000000ca51900000,0x000000ca51a00000)]
  0x000001d7e6d23800 JavaThread "Attach Listener" daemon [_thread_blocked, id=3316, stack(0x000000ca51a00000,0x000000ca51b00000)]
=>0x000001d7e63c1000 JavaThread "C2 CompilerThread0" daemon [_thread_in_native, id=10688, stack(0x000000ca51b00000,0x000000ca51c00000)]
  0x000001d7e63cb000 JavaThread "C1 CompilerThread0" daemon [_thread_blocked, id=10440, stack(0x000000ca51c00000,0x000000ca51d00000)]
  0x000001d7e63da000 JavaThread "Sweeper thread" daemon [_thread_blocked, id=8512, stack(0x000000ca51d00000,0x000000ca51e00000)]
  0x000001d7e6fcf000 JavaThread "Service Thread" daemon [_thread_blocked, id=8912, stack(0x000000ca51e00000,0x000000ca51f00000)]
  0x000001d7e6dec800 JavaThread "Common-Cleaner" daemon [_thread_blocked, id=12464, stack(0x000000ca52000000,0x000000ca52100000)]
  0x000001d7e77d4000 JavaThread "ReaderThread" [_thread_in_native, id=8424, stack(0x000000ca52200000,0x000000ca52300000)]
  0x000001d7eae1c800 JavaThread "mysql-cj-abandoned-connection-cleanup" daemon [_thread_blocked, id=12360, stack(0x000000ca52600000,0x000000ca52700000)]
  0x000001d7e8115000 JavaThread "HikariPool-1 housekeeper" daemon [_thread_blocked, id=8744, stack(0x000000ca52800000,0x000000ca52900000)]
  0x000001d7e9ab0800 JavaThread "spring.cloud.inetutils" daemon [_thread_blocked, id=10232, stack(0x000000ca52900000,0x000000ca52a00000)]
  0x000001d7e9f92000 JavaThread "C2 CompilerThread1" daemon [_thread_in_native, id=7140, stack(0x000000ca52500000,0x000000ca52600000)]

Other Threads:
  0x000001d7e637d800 VMThread "VM Thread" [stack: 0x000000ca51600000,0x000000ca51700000] [id=13136]
  0x000001d7e6fd0800 WatcherThread [stack: 0x000000ca51f00000,0x000000ca52000000] [id=12560]
  0x000001d7ca432000 GCTaskThread "GC Thread#0" [stack: 0x000000ca51100000,0x000000ca51200000] [id=14188]
  0x000001d7e7053800 GCTaskThread "GC Thread#1" [stack: 0x000000ca52100000,0x000000ca52200000] [id=12012]
  0x000001d7e78b9800 GCTaskThread "GC Thread#2" [stack: 0x000000ca52300000,0x000000ca52400000] [id=9268]
  0x000001d7e78ba000 GCTaskThread "GC Thread#3" [stack: 0x000000ca52400000,0x000000ca52500000] [id=11408]
  0x000001d7ca44c800 ConcurrentGCThread "G1 Main Marker" [stack: 0x000000ca51200000,0x000000ca51300000] [id=3036]
  0x000001d7ca44e800 ConcurrentGCThread "G1 Conc#0" [stack: 0x000000ca51300000,0x000000ca51400000] [id=8116]
  0x000001d7ca4c9000 ConcurrentGCThread "G1 Refine#0" [stack: 0x000000ca51400000,0x000000ca51500000] [id=9244]
  0x000001d7ca4cc000 ConcurrentGCThread "G1 Young RemSet Sampling" [stack: 0x000000ca51500000,0x000000ca51600000] [id=9348]

Threads with active compile tasks:
C2 CompilerThread06045       4       java.beans.MethodRef::set (58 bytes)
C2 CompilerThread16373       4       com.sun.beans.TypeResolver::resolve (37 bytes)

VM state:not at safepoint (normal execution)

VM Mutex/Monitor currently owned by a thread: None

Heap address: 0x00000000c2200000, size: 990 MB, Compressed Oops mode: 32-bit
Narrow klass base: 0x0000000000000000, Narrow klass shift: 3
Compressed class space size: 1073741824 Address: 0x0000000100000000

Heap:
 garbage-first heap   total 76800K, used 43764K [0x00000000c2200000, 0x0000000100000000)
  region size 1024K, 3 young (3072K), 2 survivors (2048K)
 Metaspace       used 73109K, capacity 75147K, committed 75392K, reserved 1114112K
  class space    used 9746K, capacity 10584K, committed 10624K, reserved 1048576K
Heap Regions: E=young(eden), S=young(survivor), O=old, HS=humongous(starts), HC=humongous(continues), CS=collection set, F=free, A=archive, TAMS=top-at-mark-start (previous, next)
|   0|0x00000000c2200000, 0x00000000c2300000, 0x00000000c2300000|100%|HS|  |TAMS 0x00000000c2300000, 0x00000000c2300000| Complete 
|   1|0x00000000c2300000, 0x00000000c2400000, 0x00000000c2400000|100%| O|  |TAMS 0x00000000c2400000, 0x00000000c2400000| Untracked 
|   2|0x00000000c2400000, 0x00000000c2500000, 0x00000000c2500000|100%| O|  |TAMS 0x00000000c2500000, 0x00000000c2500000| Untracked 
|   3|0x00000000c2500000, 0x00000000c2600000, 0x00000000c2600000|100%| O|  |TAMS 0x00000000c2600000, 0x00000000c2600000| Untracked 
|   4|0x00000000c2600000, 0x00000000c2700000, 0x00000000c2700000|100%| O|  |TAMS 0x00000000c2700000, 0x00000000c2700000| Untracked 
|   5|0x00000000c2700000, 0x00000000c2800000, 0x00000000c2800000|100%| O|  |TAMS 0x00000000c2800000, 0x00000000c2800000| Untracked 
|   6|0x00000000c2800000, 0x00000000c2900000, 0x00000000c2900000|100%| O|  |TAMS 0x00000000c2900000, 0x00000000c2900000| Untracked 
|   7|0x00000000c2900000, 0x00000000c2a00000, 0x00000000c2a00000|100%| O|  |TAMS 0x00000000c2a00000, 0x00000000c2a00000| Untracked 
|   8|0x00000000c2a00000, 0x00000000c2b00000, 0x00000000c2b00000|100%| O|  |TAMS 0x00000000c2b00000, 0x00000000c2b00000| Untracked 
|   9|0x00000000c2b00000, 0x00000000c2c00000, 0x00000000c2c00000|100%| O|  |TAMS 0x00000000c2c00000, 0x00000000c2c00000| Untracked 
|  10|0x00000000c2c00000, 0x00000000c2d00000, 0x00000000c2d00000|100%| O|  |TAMS 0x00000000c2d00000, 0x00000000c2d00000| Untracked 
|  11|0x00000000c2d00000, 0x00000000c2e00000, 0x00000000c2e00000|100%| O|  |TAMS 0x00000000c2e00000, 0x00000000c2e00000| Untracked 
|  12|0x00000000c2e00000, 0x00000000c2f00000, 0x00000000c2f00000|100%| O|  |TAMS 0x00000000c2f00000, 0x00000000c2f00000| Untracked 
|  13|0x00000000c2f00000, 0x00000000c3000000, 0x00000000c3000000|100%| O|  |TAMS 0x00000000c3000000, 0x00000000c3000000| Untracked 
|  14|0x00000000c3000000, 0x00000000c3100000, 0x00000000c3100000|100%| O|  |TAMS 0x00000000c3100000, 0x00000000c3100000| Untracked 
|  15|0x00000000c3100000, 0x00000000c3200000, 0x00000000c3200000|100%| O|  |TAMS 0x00000000c3200000, 0x00000000c3200000| Untracked 
|  16|0x00000000c3200000, 0x00000000c3300000, 0x00000000c3300000|100%| O|  |TAMS 0x00000000c3300000, 0x00000000c3300000| Untracked 
|  17|0x00000000c3300000, 0x00000000c3400000, 0x00000000c3400000|100%| O|  |TAMS 0x00000000c3400000, 0x00000000c3400000| Untracked 
|  18|0x00000000c3400000, 0x00000000c3500000, 0x00000000c3500000|100%| O|  |TAMS 0x00000000c3500000, 0x00000000c3500000| Untracked 
|  19|0x00000000c3500000, 0x00000000c3600000, 0x00000000c3600000|100%| O|  |TAMS 0x00000000c3600000, 0x00000000c3600000| Untracked 
|  20|0x00000000c3600000, 0x00000000c3600000, 0x00000000c3700000|  0%| F|  |TAMS 0x00000000c3600000, 0x00000000c3600000| Untracked 
|  21|0x00000000c3700000, 0x00000000c3800000, 0x00000000c3800000|100%| O|  |TAMS 0x00000000c3800000, 0x00000000c3800000| Untracked 
|  22|0x00000000c3800000, 0x00000000c3900000, 0x00000000c3900000|100%| O|  |TAMS 0x00000000c3900000, 0x00000000c3900000| Untracked 
|  23|0x00000000c3900000, 0x00000000c3a00000, 0x00000000c3a00000|100%| O|  |TAMS 0x00000000c3a00000, 0x00000000c3a00000| Untracked 
|  24|0x00000000c3a00000, 0x00000000c3b00000, 0x00000000c3b00000|100%| O|  |TAMS 0x00000000c3b00000, 0x00000000c3b00000| Untracked 
|  25|0x00000000c3b00000, 0x00000000c3b00000, 0x00000000c3c00000|  0%| F|  |TAMS 0x00000000c3b00000, 0x00000000c3b00000| Untracked 
|  26|0x00000000c3c00000, 0x00000000c3d00000, 0x00000000c3d00000|100%| O|  |TAMS 0x00000000c3d00000, 0x00000000c3d00000| Untracked 
|  27|0x00000000c3d00000, 0x00000000c3e00000, 0x00000000c3e00000|100%| O|  |TAMS 0x00000000c3e00000, 0x00000000c3e00000| Untracked 
|  28|0x00000000c3e00000, 0x00000000c3f00000, 0x00000000c3f00000|100%| O|  |TAMS 0x00000000c3f00000, 0x00000000c3f00000| Untracked 
|  29|0x00000000c3f00000, 0x00000000c4000000, 0x00000000c4000000|100%| O|  |TAMS 0x00000000c4000000, 0x00000000c4000000| Untracked 
|  30|0x00000000c4000000, 0x00000000c4100000, 0x00000000c4100000|100%| O|  |TAMS 0x00000000c4100000, 0x00000000c4100000| Untracked 
|  31|0x00000000c4100000, 0x00000000c4200000, 0x00000000c4200000|100%| O|  |TAMS 0x00000000c4200000, 0x00000000c4200000| Untracked 
|  32|0x00000000c4200000, 0x00000000c4300000, 0x00000000c4300000|100%| O|  |TAMS 0x00000000c4300000, 0x00000000c4300000| Untracked 
|  33|0x00000000c4300000, 0x00000000c4400000, 0x00000000c4400000|100%| O|  |TAMS 0x00000000c4400000, 0x00000000c4400000| Untracked 
|  34|0x00000000c4400000, 0x00000000c4500000, 0x00000000c4500000|100%| O|  |TAMS 0x00000000c4500000, 0x00000000c4500000| Untracked 
|  35|0x00000000c4500000, 0x00000000c4600000, 0x00000000c4600000|100%| O|  |TAMS 0x00000000c4600000, 0x00000000c4600000| Untracked 
|  36|0x00000000c4600000, 0x00000000c4700000, 0x00000000c4700000|100%| O|  |TAMS 0x00000000c4700000, 0x00000000c4700000| Untracked 
|  37|0x00000000c4700000, 0x00000000c4800000, 0x00000000c4800000|100%| O|  |TAMS 0x00000000c47d2e00, 0x00000000c4800000| Untracked 
|  38|0x00000000c4800000, 0x00000000c4900000, 0x00000000c4900000|100%| O|  |TAMS 0x00000000c4800000, 0x00000000c4900000| Untracked 
|  39|0x00000000c4900000, 0x00000000c4a00000, 0x00000000c4a00000|100%| O|  |TAMS 0x00000000c4900000, 0x00000000c4a00000| Untracked 
|  40|0x00000000c4a00000, 0x00000000c4b00000, 0x00000000c4b00000|100%| O|  |TAMS 0x00000000c4a00000, 0x00000000c4b00000| Untracked 
|  41|0x00000000c4b00000, 0x00000000c4c00000, 0x00000000c4c00000|100%| O|  |TAMS 0x00000000c4b00000, 0x00000000c4c00000| Untracked 
|  42|0x00000000c4c00000, 0x00000000c4d00000, 0x00000000c4d00000|100%| O|  |TAMS 0x00000000c4c00000, 0x00000000c4d00000| Untracked 
|  43|0x00000000c4d00000, 0x00000000c4d6a200, 0x00000000c4e00000| 41%| O|  |TAMS 0x00000000c4d00000, 0x00000000c4d6a200| Untracked 
|  44|0x00000000c4e00000, 0x00000000c4e00000, 0x00000000c4f00000|  0%| F|  |TAMS 0x00000000c4e00000, 0x00000000c4e00000| Untracked 
|  45|0x00000000c4f00000, 0x00000000c4f00000, 0x00000000c5000000|  0%| F|  |TAMS 0x00000000c4f00000, 0x00000000c4f00000| Untracked 
|  46|0x00000000c5000000, 0x00000000c5000000, 0x00000000c5100000|  0%| F|  |TAMS 0x00000000c5000000, 0x00000000c5000000| Untracked 
|  47|0x00000000c5100000, 0x00000000c5100000, 0x00000000c5200000|  0%| F|  |TAMS 0x00000000c5100000, 0x00000000c5100000| Untracked 
|  48|0x00000000c5200000, 0x00000000c5200000, 0x00000000c5300000|  0%| F|  |TAMS 0x00000000c5200000, 0x00000000c5200000| Untracked 
|  49|0x00000000c5300000, 0x00000000c5300000, 0x00000000c5400000|  0%| F|  |TAMS 0x00000000c5300000, 0x00000000c5300000| Untracked 
|  50|0x00000000c5400000, 0x00000000c5400000, 0x00000000c5500000|  0%| F|  |TAMS 0x00000000c5400000, 0x00000000c5400000| Untracked 
|  51|0x00000000c5500000, 0x00000000c5500000, 0x00000000c5600000|  0%| F|  |TAMS 0x00000000c5500000, 0x00000000c5500000| Untracked 
|  52|0x00000000c5600000, 0x00000000c5652e18, 0x00000000c5700000| 32%| S|CS|TAMS 0x00000000c5600000, 0x00000000c5600000| Complete 
|  53|0x00000000c5700000, 0x00000000c5800000, 0x00000000c5800000|100%| S|CS|TAMS 0x00000000c5700000, 0x00000000c5700000| Complete 
|  54|0x00000000c5800000, 0x00000000c5800000, 0x00000000c5900000|  0%| F|  |TAMS 0x00000000c5800000, 0x00000000c5800000| Untracked 
|  55|0x00000000c5900000, 0x00000000c5900000, 0x00000000c5a00000|  0%| F|  |TAMS 0x00000000c5900000, 0x00000000c5900000| Untracked 
|  56|0x00000000c5a00000, 0x00000000c5a00000, 0x00000000c5b00000|  0%| F|  |TAMS 0x00000000c5a00000, 0x00000000c5a00000| Untracked 
|  57|0x00000000c5b00000, 0x00000000c5b00000, 0x00000000c5c00000|  0%| F|  |TAMS 0x00000000c5b00000, 0x00000000c5b00000| Untracked 
|  58|0x00000000c5c00000, 0x00000000c5c00000, 0x00000000c5d00000|  0%| F|  |TAMS 0x00000000c5c00000, 0x00000000c5c00000| Untracked 
|  59|0x00000000c5d00000, 0x00000000c5d00000, 0x00000000c5e00000|  0%| F|  |TAMS 0x00000000c5d00000, 0x00000000c5d00000| Untracked 
|  60|0x00000000c5e00000, 0x00000000c5e00000, 0x00000000c5f00000|  0%| F|  |TAMS 0x00000000c5e00000, 0x00000000c5e00000| Untracked 
|  61|0x00000000c5f00000, 0x00000000c5f00000, 0x00000000c6000000|  0%| F|  |TAMS 0x00000000c5f00000, 0x00000000c5f00000| Untracked 
|  62|0x00000000c6000000, 0x00000000c6000000, 0x00000000c6100000|  0%| F|  |TAMS 0x00000000c6000000, 0x00000000c6000000| Untracked 
|  63|0x00000000c6100000, 0x00000000c6100000, 0x00000000c6200000|  0%| F|  |TAMS 0x00000000c6100000, 0x00000000c6100000| Untracked 
|  64|0x00000000c6200000, 0x00000000c6200000, 0x00000000c6300000|  0%| F|  |TAMS 0x00000000c6200000, 0x00000000c6200000| Untracked 
|  65|0x00000000c6300000, 0x00000000c6300000, 0x00000000c6400000|  0%| F|  |TAMS 0x00000000c6300000, 0x00000000c6300000| Untracked 
|  66|0x00000000c6400000, 0x00000000c6400000, 0x00000000c6500000|  0%| F|  |TAMS 0x00000000c6400000, 0x00000000c6400000| Untracked 
|  67|0x00000000c6500000, 0x00000000c6500000, 0x00000000c6600000|  0%| F|  |TAMS 0x00000000c6500000, 0x00000000c6500000| Untracked 
|  68|0x00000000c6600000, 0x00000000c6600000, 0x00000000c6700000|  0%| F|  |TAMS 0x00000000c6600000, 0x00000000c6600000| Untracked 
|  69|0x00000000c6700000, 0x00000000c6700000, 0x00000000c6800000|  0%| F|  |TAMS 0x00000000c6700000, 0x00000000c6700000| Untracked 
|  70|0x00000000c6800000, 0x00000000c6800000, 0x00000000c6900000|  0%| F|  |TAMS 0x00000000c6800000, 0x00000000c6800000| Untracked 
|  71|0x00000000c6900000, 0x00000000c6900000, 0x00000000c6a00000|  0%| F|  |TAMS 0x00000000c6900000, 0x00000000c6900000| Untracked 
|  72|0x00000000c6a00000, 0x00000000c6a00000, 0x00000000c6b00000|  0%| F|  |TAMS 0x00000000c6a00000, 0x00000000c6a00000| Untracked 
|  73|0x00000000c6b00000, 0x00000000c6b00000, 0x00000000c6c00000|  0%| F|  |TAMS 0x00000000c6b00000, 0x00000000c6b00000| Untracked 
|  74|0x00000000c6c00000, 0x00000000c6cc8b18, 0x00000000c6d00000| 78%| E|  |TAMS 0x00000000c6c00000, 0x00000000c6c00000| Complete 

Card table byte_map: [0x000001d7e1bd0000,0x000001d7e1dc0000] _byte_map_base: 0x000001d7e15bf000

Marking Bits (Prev, Next): (CMBitMap*) 0x000001d7ca447a90, (CMBitMap*) 0x000001d7ca447a58
 Prev Bits: [0x000001d7e2f30000, 0x000001d7e3ea8000)
 Next Bits: [0x000001d7e1fb0000, 0x000001d7e2f28000)

Polling page: 0x000001d7c8200000

Metaspace:

Usage:
  Non-class:     63.05 MB capacity,    61.89 MB ( 98%) used,   926.77 KB (  1%) free+waste,   261.56 KB ( <1%) overhead. 
      Class:     10.34 MB capacity,     9.52 MB ( 92%) used,   709.59 KB (  7%) free+waste,   125.31 KB (  1%) overhead. 
       Both:     73.39 MB capacity,    71.41 MB ( 97%) used,     1.60 MB (  2%) free+waste,   386.88 KB ( <1%) overhead. 

Virtual space:
  Non-class space:       64.00 MB reserved,      63.25 MB ( 99%) committed 
      Class space:        1.00 GB reserved,      10.38 MB (  1%) committed 
             Both:        1.06 GB reserved,      73.63 MB (  7%) committed 

Chunk freelists:
   Non-Class:  13.00 KB
       Class:  8.00 KB
        Both:  21.00 KB

CodeHeap 'non-profiled nmethods': size=120064Kb used=5008Kb max_used=5008Kb free=115055Kb
 bounds [0x000001d7da4a0000, 0x000001d7da990000, 0x000001d7e19e0000]
CodeHeap 'profiled nmethods': size=120000Kb used=15648Kb max_used=15648Kb free=104351Kb
 bounds [0x000001d7d2f70000, 0x000001d7d3ec0000, 0x000001d7da4a0000]
CodeHeap 'non-nmethods': size=5696Kb used=1235Kb max_used=1316Kb free=4460Kb
 bounds [0x000001d7d29e0000, 0x000001d7d2c50000, 0x000001d7d2f70000]
 total_blobs=8575 nmethods=6219 adapters=537
 compilation: enabled
              stopped_count=0, restarted_count=0
 full_count=0

Compilation events (10 events):
Event: 35.586 Thread 0x000001d7e9f92000 nmethod 6246 0x000001d7da976f90 code [0x000001d7da9775e0, 0x000001d7da97e4c0]
Event: 35.586 Thread 0x000001d7e9f92000 6372       4       java.lang.String::startsWith (138 bytes)
Event: 35.597 Thread 0x000001d7e9f92000 nmethod 6372 0x000001d7da981890 code [0x000001d7da981a20, 0x000001d7da981d38]
Event: 35.597 Thread 0x000001d7e9f92000 6390       4       java.lang.String::startsWith (7 bytes)
Event: 35.603 Thread 0x000001d7e63cb000 6422   !   3       java.util.logging.LogManager::ensureLogManagerInitialized (144 bytes)
Event: 35.605 Thread 0x000001d7e63cb000 nmethod 6422 0x000001d7d3ea8110 code [0x000001d7d3ea83c0, 0x000001d7d3ea9100]
Event: 35.605 Thread 0x000001d7e63cb000 6423       3       java.util.logging.LogManager::getProperty (9 bytes)
Event: 35.605 Thread 0x000001d7e63cb000 nmethod 6423 0x000001d7d3ea9590 code [0x000001d7d3ea9760, 0x000001d7d3ea9990]
Event: 35.607 Thread 0x000001d7e9f92000 nmethod 6390 0x000001d7da981e90 code [0x000001d7da982020, 0x000001d7da9822b8]
Event: 35.607 Thread 0x000001d7e9f92000 6373       4       com.sun.beans.TypeResolver::resolve (37 bytes)

GC Heap History (10 events):
Event: 32.283 GC heap before
{Heap before GC invocations=34 (full 0):
 garbage-first heap   total 76800K, used 64131K [0x00000000c2200000, 0x0000000100000000)
  region size 1024K, 29 young (29696K), 3 survivors (3072K)
 Metaspace       used 69385K, capacity 71243K, committed 71552K, reserved 1110016K
  class space    used 9220K, capacity 9989K, committed 10112K, reserved 1048576K
}
Event: 32.294 GC heap after
{Heap after GC invocations=35 (full 0):
 garbage-first heap   total 76800K, used 38890K [0x00000000c2200000, 0x0000000100000000)
  region size 1024K, 3 young (3072K), 3 survivors (3072K)
 Metaspace       used 69385K, capacity 71243K, committed 71552K, reserved 1110016K
  class space    used 9220K, capacity 9989K, committed 10112K, reserved 1048576K
}
Event: 33.259 GC heap before
{Heap before GC invocations=36 (full 0):
 garbage-first heap   total 76800K, used 63466K [0x00000000c2200000, 0x0000000100000000)
  region size 1024K, 27 young (27648K), 3 survivors (3072K)
 Metaspace       used 70121K, capacity 72073K, committed 72192K, reserved 1112064K
  class space    used 9356K, capacity 10160K, committed 10240K, reserved 1048576K
}
Event: 33.268 GC heap after
{Heap after GC invocations=37 (full 0):
 garbage-first heap   total 76800K, used 40107K [0x00000000c2200000, 0x0000000100000000)
  region size 1024K, 3 young (3072K), 3 survivors (3072K)
 Metaspace       used 70121K, capacity 72073K, committed 72192K, reserved 1112064K
  class space    used 9356K, capacity 10160K, committed 10240K, reserved 1048576K
}
Event: 33.978 GC heap before
{Heap before GC invocations=37 (full 0):
 garbage-first heap   total 76800K, used 63659K [0x00000000c2200000, 0x0000000100000000)
  region size 1024K, 26 young (26624K), 3 survivors (3072K)
 Metaspace       used 70941K, capacity 72914K, committed 73088K, reserved 1112064K
  class space    used 9464K, capacity 10290K, committed 10368K, reserved 1048576K
}
Event: 33.989 GC heap after
{Heap after GC invocations=38 (full 0):
 garbage-first heap   total 76800K, used 41803K [0x00000000c2200000, 0x0000000100000000)
  region size 1024K, 3 young (3072K), 3 survivors (3072K)
 Metaspace       used 70941K, capacity 72914K, committed 73088K, reserved 1112064K
  class space    used 9464K, capacity 10290K, committed 10368K, reserved 1048576K
}
Event: 34.817 GC heap before
{Heap before GC invocations=39 (full 0):
 garbage-first heap   total 76800K, used 64331K [0x00000000c2200000, 0x0000000100000000)
  region size 1024K, 25 young (25600K), 3 survivors (3072K)
 Metaspace       used 71276K, capacity 73255K, committed 73344K, reserved 1112064K
  class space    used 9505K, capacity 10337K, committed 10368K, reserved 1048576K
}
Event: 34.829 GC heap after
{Heap after GC invocations=40 (full 0):
 garbage-first heap   total 76800K, used 43179K [0x00000000c2200000, 0x0000000100000000)
  region size 1024K, 3 young (3072K), 3 survivors (3072K)
 Metaspace       used 71276K, capacity 73255K, committed 73344K, reserved 1112064K
  class space    used 9505K, capacity 10337K, committed 10368K, reserved 1048576K
}
Event: 34.855 GC heap before
{Heap before GC invocations=40 (full 0):
 garbage-first heap   total 76800K, used 44203K [0x00000000c2200000, 0x0000000100000000)
  region size 1024K, 4 young (4096K), 3 survivors (3072K)
 Metaspace       used 71278K, capacity 73255K, committed 73344K, reserved 1112064K
  class space    used 9506K, capacity 10337K, committed 10368K, reserved 1048576K
}
Event: 34.868 GC heap after
{Heap after GC invocations=41 (full 0):
 garbage-first heap   total 76800K, used 42973K [0x00000000c2200000, 0x0000000100000000)
  region size 1024K, 1 young (1024K), 1 survivors (1024K)
 Metaspace       used 71278K, capacity 73255K, committed 73344K, reserved 1112064K
  class space    used 9506K, capacity 10337K, committed 10368K, reserved 1048576K
}

Deoptimization events (10 events):
Event: 31.991 Thread 0x000001d7ca41a800 Uncommon trap: reason=unstable_if action=reinterpret pc=0x000001d7da7459c4 method=java.net.URLStreamHandler.toExternalForm(Ljava/net/URL;)Ljava/lang/String; @ 32 c2
Event: 32.728 Thread 0x000001d7ca41a800 Uncommon trap: reason=unstable_if action=reinterpret pc=0x000001d7da7e2068 method=org.springframework.core.annotation.AnnotationsScanner.processClassHierarchy(Ljava/lang/Object;[ILjava/lang/Class;Lorg/springframework/core/annotation/AnnotationsProcessor;L
Event: 32.806 Thread 0x000001d7ca41a800 Uncommon trap: reason=unstable_if action=reinterpret pc=0x000001d7da7e6c24 method=org.springframework.core.annotation.AnnotationsScanner.isKnownEmpty(Ljava/lang/reflect/AnnotatedElement;Lorg/springframework/core/annotation/MergedAnnotations$SearchStrategy
Event: 33.015 Thread 0x000001d7ca41a800 Uncommon trap: reason=profile_predicate action=maybe_recompile pc=0x000001d7da90ef5c method=java.util.TreeMap.put(Ljava/lang/Object;Ljava/lang/Object;)Ljava/lang/Object; @ 55 c2
Event: 33.015 Thread 0x000001d7ca41a800 Uncommon trap: reason=profile_predicate action=maybe_recompile pc=0x000001d7da90ef5c method=java.util.TreeMap.put(Ljava/lang/Object;Ljava/lang/Object;)Ljava/lang/Object; @ 55 c2
Event: 33.015 Thread 0x000001d7ca41a800 Uncommon trap: reason=profile_predicate action=maybe_recompile pc=0x000001d7da90ef5c method=java.util.TreeMap.put(Ljava/lang/Object;Ljava/lang/Object;)Ljava/lang/Object; @ 55 c2
Event: 33.015 Thread 0x000001d7ca41a800 Uncommon trap: reason=profile_predicate action=maybe_recompile pc=0x000001d7da90ef5c method=java.util.TreeMap.put(Ljava/lang/Object;Ljava/lang/Object;)Ljava/lang/Object; @ 55 c2
Event: 33.627 Thread 0x000001d7ca41a800 Uncommon trap: reason=unstable_if action=reinterpret pc=0x000001d7da50f4bc method=java.lang.String.startsWith(Ljava/lang/String;I)Z @ 46 c2
Event: 33.627 Thread 0x000001d7ca41a800 Uncommon trap: reason=unstable_if action=reinterpret pc=0x000001d7da510864 method=java.lang.String.startsWith(Ljava/lang/String;I)Z @ 46 c2
Event: 35.380 Thread 0x000001d7ca41a800 Uncommon trap: reason=unstable_if action=reinterpret pc=0x000001d7da948b50 method=org.springframework.core.annotation.AnnotationsScanner.processClassInheritedAnnotations(Ljava/lang/Object;Ljava/lang/Class;Lorg/springframework/core/annotation/MergedAnnotat

Classes redefined (0 events):
No events

Internal exceptions (10 events):
Event: 35.364 Thread 0x000001d7ca41a800 Exception <a 'java/lang/ClassNotFoundException'{0x00000000c5e8b848}: org/springframework/beans/factory/SmartInitializingSingletonCustomizer> (0x00000000c5e8b848) thrown at [c:/cygwin64/tmp/openjdk-jdk11u-windows-x64-hotspot/workspace/build/src/src/hotspot
Event: 35.365 Thread 0x000001d7ca41a800 Exception <a 'java/lang/ClassNotFoundException'{0x00000000c5e91938}: java/lang/ObjectCustomizer> (0x00000000c5e91938) thrown at [c:/cygwin64/tmp/openjdk-jdk11u-windows-x64-hotspot/workspace/build/src/src/hotspot/share/classfile/systemDictionary.cpp, line 
Event: 35.367 Thread 0x000001d7ca41a800 Exception <a 'java/lang/ClassNotFoundException'{0x00000000c5ebaa40}: org/springframework/boot/actuate/autoconfigure/web/server/ManagementContextAutoConfigurationCustomizer> (0x00000000c5ebaa40) thrown at [c:/cygwin64/tmp/openjdk-jdk11u-windows-x64-hotspot
Event: 35.369 Thread 0x000001d7ca41a800 Exception <a 'java/lang/ClassNotFoundException'{0x00000000c5ec29c0}: java/lang/ObjectCustomizer> (0x00000000c5ec29c0) thrown at [c:/cygwin64/tmp/openjdk-jdk11u-windows-x64-hotspot/workspace/build/src/src/hotspot/share/classfile/systemDictionary.cpp, line 
Event: 35.374 Thread 0x000001d7ca41a800 Exception <a 'java/lang/ClassNotFoundException'{0x00000000c5eea020}: org/springframework/boot/actuate/autoconfigure/web/server/ManagementServerPropertiesCustomizer> (0x00000000c5eea020) thrown at [c:/cygwin64/tmp/openjdk-jdk11u-windows-x64-hotspot/workspa
Event: 35.478 Thread 0x000001d7ca41a800 Exception <a 'java/lang/ClassNotFoundException'{0x00000000c5df70d8}: java/lang/ObjectCustomizer> (0x00000000c5df70d8) thrown at [c:/cygwin64/tmp/openjdk-jdk11u-windows-x64-hotspot/workspace/build/src/src/hotspot/share/classfile/systemDictionary.cpp, line 
Event: 35.480 Thread 0x000001d7ca41a800 Exception <a 'java/lang/ClassNotFoundException'{0x00000000c5c1c940}: org/springframework/cloud/netflix/eureka/serviceregistry/EurekaRegistrationCustomizer> (0x00000000c5c1c940) thrown at [c:/cygwin64/tmp/openjdk-jdk11u-windows-x64-hotspot/workspace/build/
Event: 35.483 Thread 0x000001d7ca41a800 Exception <a 'java/lang/ClassNotFoundException'{0x00000000c5c54cd0}: org/springframework/cloud/client/serviceregistry/RegistrationCustomizer> (0x00000000c5c54cd0) thrown at [c:/cygwin64/tmp/openjdk-jdk11u-windows-x64-hotspot/workspace/build/src/src/hotspo
Event: 35.485 Thread 0x000001d7ca41a800 Exception <a 'java/lang/ClassNotFoundException'{0x00000000c5c710c0}: org/springframework/cloud/client/ServiceInstanceCustomizer> (0x00000000c5c710c0) thrown at [c:/cygwin64/tmp/openjdk-jdk11u-windows-x64-hotspot/workspace/build/src/src/hotspot/share/class
Event: 35.609 Thread 0x000001d7ca41a800 Exception <a 'java/lang/IncompatibleClassChangeError'{0x00000000c5b1e328}: Found class java.lang.Object, but interface was expected> (0x00000000c5b1e328) thrown at [c:/cygwin64/tmp/openjdk-jdk11u-windows-x64-hotspot/workspace/build/src/src/hotspot/share/i

Events (10 events):
Event: 35.617 loading class com/sun/jmx/mbeanserver/MBeanAnalyzer$MethodOrder done
Event: 35.617 loading class com/sun/jmx/mbeanserver/ConvertingMethod
Event: 35.617 loading class com/sun/jmx/mbeanserver/ConvertingMethod done
Event: 35.617 loading class com/sun/jmx/mbeanserver/MXBeanMappingFactory
Event: 35.617 loading class com/sun/jmx/mbeanserver/MXBeanMappingFactory done
Event: 35.617 loading class com/sun/jmx/mbeanserver/DefaultMXBeanMappingFactory
Event: 35.618 loading class com/sun/jmx/mbeanserver/DefaultMXBeanMappingFactory done
Event: 35.618 loading class com/sun/jmx/mbeanserver/DefaultMXBeanMappingFactory$Mappings
Event: 35.619 loading class com/sun/jmx/mbeanserver/DefaultMXBeanMappingFactory$Mappings done
Event: 35.619 loading class com/sun/jmx/mbeanserver/DefaultMXBeanMappingFactory$IdentityMapping


Dynamic libraries:
0x00007ff664890000 - 0x00007ff6648da000 	C:\Program Files\AdoptOpenJDK\jdk-11.0.3.7-hotspot\bin\java.exe
0x00007ff864f40000 - 0x00007ff865130000 	C:\WINDOWS\SYSTEM32\ntdll.dll
0x00007ff863770000 - 0x00007ff863822000 	C:\WINDOWS\System32\KERNEL32.DLL
0x00007ff862210000 - 0x00007ff8624b3000 	C:\WINDOWS\System32\KERNELBASE.dll
0x00007ff8645b0000 - 0x00007ff864744000 	C:\WINDOWS\System32\USER32.dll
0x00007ff8624c0000 - 0x00007ff8624e1000 	C:\WINDOWS\System32\win32u.dll
0x00007ff862ff0000 - 0x00007ff863016000 	C:\WINDOWS\System32\GDI32.dll
0x00007ff861f30000 - 0x00007ff8620c4000 	C:\WINDOWS\System32\gdi32full.dll
0x00007ff862150000 - 0x00007ff8621ee000 	C:\WINDOWS\System32\msvcp_win.dll
0x00007ff8625f0000 - 0x00007ff8626ea000 	C:\WINDOWS\System32\ucrtbase.dll
0x00007ff8516d0000 - 0x00007ff851955000 	C:\WINDOWS\WinSxS\amd64_microsoft.windows.common-controls_6595b64144ccf1df_6.0.18362.720_none_e6beb5c51314836b\COMCTL32.dll
0x00007ff8640a0000 - 0x00007ff86413e000 	C:\WINDOWS\System32\msvcrt.dll
0x00007ff864910000 - 0x00007ff864c46000 	C:\WINDOWS\System32\combase.dll
0x00007ff863f80000 - 0x00007ff8640a0000 	C:\WINDOWS\System32\RPCRT4.dll
0x00007ff8620d0000 - 0x00007ff862150000 	C:\WINDOWS\System32\bcryptPrimitives.dll
0x00007ff863d90000 - 0x00007ff863dbe000 	C:\WINDOWS\System32\IMM32.DLL
0x00007ff856620000 - 0x00007ff856636000 	C:\Program Files\AdoptOpenJDK\jdk-11.0.3.7-hotspot\bin\vcruntime140.dll
0x00007ff845530000 - 0x00007ff8455cb000 	C:\Program Files\AdoptOpenJDK\jdk-11.0.3.7-hotspot\bin\msvcp140.dll
0x00007ff8343a0000 - 0x00007ff834e54000 	C:\Program Files\AdoptOpenJDK\jdk-11.0.3.7-hotspot\bin\server\jvm.dll
0x00007ff863830000 - 0x00007ff8638d3000 	C:\WINDOWS\System32\ADVAPI32.dll
0x00007ff864ce0000 - 0x00007ff864d77000 	C:\WINDOWS\System32\sechost.dll
0x00007ff863d10000 - 0x00007ff863d18000 	C:\WINDOWS\System32\PSAPI.DLL
0x00007ff85ed10000 - 0x00007ff85ed34000 	C:\WINDOWS\SYSTEM32\WINMM.dll
0x00007ff857540000 - 0x00007ff85754a000 	C:\WINDOWS\SYSTEM32\VERSION.dll
0x00007ff8524c0000 - 0x00007ff8524c9000 	C:\WINDOWS\SYSTEM32\WSOCK32.dll
0x00007ff863dc0000 - 0x00007ff863e2f000 	C:\WINDOWS\System32\WS2_32.dll
0x00007ff85ece0000 - 0x00007ff85ed0d000 	C:\WINDOWS\SYSTEM32\winmmbase.dll
0x00007ff8625a0000 - 0x00007ff8625ea000 	C:\WINDOWS\System32\cfgmgr32.dll
0x00007ff861e10000 - 0x00007ff861e21000 	C:\WINDOWS\System32\kernel.appcore.dll
0x00007ff856f70000 - 0x00007ff856f80000 	C:\Program Files\AdoptOpenJDK\jdk-11.0.3.7-hotspot\bin\verify.dll
0x00007ff8606c0000 - 0x00007ff8608b4000 	C:\WINDOWS\SYSTEM32\DBGHELP.DLL
0x00007ff850530000 - 0x00007ff85055a000 	C:\WINDOWS\SYSTEM32\dbgcore.DLL
0x00007ff852f10000 - 0x00007ff852f38000 	C:\Program Files\AdoptOpenJDK\jdk-11.0.3.7-hotspot\bin\java.dll
0x00007ff856590000 - 0x00007ff8565a6000 	C:\Program Files\AdoptOpenJDK\jdk-11.0.3.7-hotspot\bin\zip.dll
0x00007ff856ef0000 - 0x00007ff856efa000 	C:\Program Files\AdoptOpenJDK\jdk-11.0.3.7-hotspot\bin\jimage.dll
0x00007ff863080000 - 0x00007ff863765000 	C:\WINDOWS\System32\SHELL32.dll
0x00007ff8638e0000 - 0x00007ff863989000 	C:\WINDOWS\System32\shcore.dll
0x00007ff862720000 - 0x00007ff862ea0000 	C:\WINDOWS\System32\windows.storage.dll
0x00007ff861e30000 - 0x00007ff861e53000 	C:\WINDOWS\System32\profapi.dll
0x00007ff861e60000 - 0x00007ff861eaa000 	C:\WINDOWS\System32\powrprof.dll
0x00007ff861e00000 - 0x00007ff861e10000 	C:\WINDOWS\System32\UMPDC.dll
0x00007ff863020000 - 0x00007ff863072000 	C:\WINDOWS\System32\shlwapi.dll
0x00007ff8621f0000 - 0x00007ff862207000 	C:\WINDOWS\System32\cryptsp.dll
0x00007ff8557a0000 - 0x00007ff8557b9000 	C:\Program Files\AdoptOpenJDK\jdk-11.0.3.7-hotspot\bin\net.dll
0x00007ff859530000 - 0x00007ff859621000 	C:\WINDOWS\SYSTEM32\WINHTTP.dll
0x00007ff8552e0000 - 0x00007ff8554b5000 	C:\WINDOWS\SYSTEM32\urlmon.dll
0x00007ff855030000 - 0x00007ff8552d6000 	C:\WINDOWS\SYSTEM32\iertutil.dll
0x00007ff8617e0000 - 0x00007ff8617ec000 	C:\WINDOWS\SYSTEM32\CRYPTBASE.DLL
0x00007ff861610000 - 0x00007ff861677000 	C:\WINDOWS\system32\mswsock.dll
0x00007ff852410000 - 0x00007ff852422000 	C:\Program Files\AdoptOpenJDK\jdk-11.0.3.7-hotspot\bin\nio.dll
0x00007ff861320000 - 0x00007ff86135a000 	C:\WINDOWS\SYSTEM32\IPHLPAPI.DLL
0x00007ff864900000 - 0x00007ff864908000 	C:\WINDOWS\System32\NSI.dll
0x00007ff857890000 - 0x00007ff8578a6000 	C:\WINDOWS\SYSTEM32\dhcpcsvc6.DLL
0x00007ff857c50000 - 0x00007ff857c6c000 	C:\WINDOWS\SYSTEM32\dhcpcsvc.DLL
0x00007ff861360000 - 0x00007ff86142a000 	C:\WINDOWS\SYSTEM32\DNSAPI.dll
0x00007ff855db0000 - 0x00007ff855dba000 	C:\Windows\System32\rasadhlp.dll
0x00007ff856dd0000 - 0x00007ff856dd9000 	C:\Program Files\AdoptOpenJDK\jdk-11.0.3.7-hotspot\bin\management.dll
0x00007ff856340000 - 0x00007ff85634b000 	C:\Program Files\AdoptOpenJDK\jdk-11.0.3.7-hotspot\bin\management_ext.dll
0x00007ff84c5b0000 - 0x00007ff84c5c6000 	C:\WINDOWS\system32\napinsp.dll
0x00007ff84c590000 - 0x00007ff84c5aa000 	C:\WINDOWS\system32\pnrpnsp.dll
0x00007ff84c570000 - 0x00007ff84c585000 	C:\WINDOWS\system32\wshbth.dll
0x00007ff85dc10000 - 0x00007ff85dc2c000 	C:\WINDOWS\system32\NLAapi.dll
0x00007ff84c560000 - 0x00007ff84c56e000 	C:\WINDOWS\System32\winrnr.dll
0x00007ff8576d0000 - 0x00007ff857747000 	C:\WINDOWS\System32\fwpuclnt.dll
0x00007ff8626f0000 - 0x00007ff862716000 	C:\WINDOWS\System32\bcrypt.dll
0x00007ff861180000 - 0x00007ff8611b3000 	C:\WINDOWS\system32\rsaenh.dll
0x00007ff861cf0000 - 0x00007ff861d15000 	C:\WINDOWS\SYSTEM32\USERENV.dll

dbghelp: loaded successfully - version: 4.0.5 - missing functions: none
symbol engine: initialized successfully - sym options: 0x614 - pdb path: .;C:\Program Files\AdoptOpenJDK\jdk-11.0.3.7-hotspot\bin;C:\WINDOWS\SYSTEM32;C:\WINDOWS\WinSxS\amd64_microsoft.windows.common-controls_6595b64144ccf1df_6.0.18362.720_none_e6beb5c51314836b;C:\Program Files\AdoptOpenJDK\jdk-11.0.3.7-hotspot\bin\server

VM Arguments:
jvm_args: -ea -Dfile.encoding=UTF-8 
java_command: org.eclipse.jdt.internal.junit.runner.RemoteTestRunner -version 3 -port 49816 -testLoaderClass org.eclipse.jdt.internal.junit5.runner.JUnit5TestLoader -loaderpluginname org.eclipse.jdt.junit5.runtime -test com.example.recipeservice.RecipeControllerTest:getRecipeByDish
java_class_path (initial): C:\Users\User\Documents\GitHub\NWT-CookBook\recipeservice\target\test-classes;C:\Users\User\Documents\GitHub\NWT-CookBook\recipeservice\target\classes;C:\Users\User\.m2\repository\org\springframework\boot\spring-boot-starter\2.2.5.RELEASE\spring-boot-starter-2.2.5.RELEASE.jar;C:\Users\User\.m2\repository\org\springframework\boot\spring-boot\2.2.5.RELEASE\spring-boot-2.2.5.RELEASE.jar;C:\Users\User\.m2\repository\org\springframework\spring-context\5.2.4.RELEASE\spring-context-5.2.4.RELEASE.jar;C:\Users\User\.m2\repository\org\springframework\boot\spring-boot-autoconfigure\2.2.5.RELEASE\spring-boot-autoconfigure-2.2.5.RELEASE.jar;C:\Users\User\.m2\repository\org\springframework\boot\spring-boot-starter-logging\2.2.5.RELEASE\spring-boot-starter-logging-2.2.5.RELEASE.jar;C:\Users\User\.m2\repository\ch\qos\logback\logback-classic\1.2.3\logback-classic-1.2.3.jar;C:\Users\User\.m2\repository\ch\qos\logback\logback-core\1.2.3\logback-core-1.2.3.jar;C:\Users\User\.m2\repository\org\apache\logging\log4j\log4j-to-slf4j\2.12.1\log4j-to-slf4j-2.12.1.jar;C:\Users\User\.m2\repository\org\apache\logging\log4j\log4j-api\2.12.1\log4j-api-2.12.1.jar;C:\Users\User\.m2\repository\org\slf4j\jul-to-slf4j\1.7.30\jul-to-slf4j-1.7.30.jar;C:\Users\User\.m2\repository\jakarta\annotation\jakarta.annotation-api\1.3.5\jakarta.annotation-api-1.3.5.jar;C:\Users\User\.m2\repository\org\springframework\spring-core\5.2.4.RELEASE\spring-core-5.2.4.RELEASE.jar;C:\Users\User\.m2\repository\org\springframework\spring-jcl\5.2.4.RELEASE\spring-jcl-5.2.4.RELEASE.jar;C:\Users\User\.m2\repository\org\yaml\snakeyaml\1.25\snakeyaml-1.25.jar;C:\Users\User\.m2\repository\org\projectlombok\lombok\1.18.12\lombok-1.18.12.jar;C:\Users\User\.m2\repository\org\springframework\boot\spring-boot-starter-test\2.2.5.RELEASE\spring-boot-starter-test-2.2.5.RELEASE.jar;C:\Users\User\.m2\repository\org\springframework\boot\spring-boot-test\2.2.5.RELEASE\spring-boot-test-2.2.5.RELEASE.jar;C:\Users\Us
Launcher Type: SUN_STANDARD

[Global flags]
     intx CICompilerCount                          = 3                                         {product} {ergonomic}
     uint ConcGCThreads                            = 1                                         {product} {ergonomic}
     uint G1ConcRefinementThreads                  = 4                                         {product} {ergonomic}
   size_t G1HeapRegionSize                         = 1048576                                   {product} {ergonomic}
    uintx GCDrainStackTargetSize                   = 64                                        {product} {ergonomic}
   size_t InitialHeapSize                          = 65011712                                  {product} {ergonomic}
   size_t MarkStackSize                            = 4194304                                   {product} {ergonomic}
   size_t MaxHeapSize                              = 1038090240                                {product} {ergonomic}
   size_t MaxNewSize                               = 622854144                                 {product} {ergonomic}
   size_t MinHeapDeltaBytes                        = 1048576                                   {product} {ergonomic}
    uintx NonNMethodCodeHeapSize                   = 5830092                                {pd product} {ergonomic}
    uintx NonProfiledCodeHeapSize                  = 122914074                              {pd product} {ergonomic}
    uintx ProfiledCodeHeapSize                     = 122914074                              {pd product} {ergonomic}
    uintx ReservedCodeCacheSize                    = 251658240                              {pd product} {ergonomic}
     bool SegmentedCodeCache                       = true                                      {product} {ergonomic}
     bool UseCompressedClassPointers               = true                                 {lp64_product} {ergonomic}
     bool UseCompressedOops                        = true                                 {lp64_product} {ergonomic}
     bool UseG1GC                                  = true                                      {product} {ergonomic}
     bool UseLargePagesIndividualAllocation        = false                                  {pd product} {ergonomic}

Logging:
Log output configuration:
 #0: stdout all=warning uptime,level,tags
 #1: stderr all=off uptime,level,tags

Environment Variables:
JAVA_HOME=C:\Program Files\Java\jdk-11.0.3
PATH=C:\Program Files\AdoptOpenJDK\jdk-11.0.3.7-hotspot\bin;C:\ProgramData\Oracle\Java\javapath;C:\WINDOWS\system32;C:\WINDOWS;C:\WINDOWS\System32\Wbem;C:\WINDOWS\System32\WindowsPowerShell\v1.0\;C:\Program Files\dotnet\;C:\Program Files\Git\cmd;C:\Xilinx92i\bin\nt;C:\WINDOWS\System32\OpenSSH\;C:\Users\User\Downloads\galen-bin-2.3.7\;C:\Users\User\Downloads\galen-bin-2.3.7\chrome;C:\Program Files\nodejs\;C:\Program Files\MATLAB\R2018a\runtime\win64;C:\Program Files\MATLAB\R2018a\bin;C:\Users\User\Anaconda3\condabin;C:\Program Files\MATLAB\MATLAB Runtime\v92\runtime\win64;C:\apache-maven-3.6.3\bin;C:\Users\User\AppData\Local\Microsoft\WindowsApps;C:\Users\User\AppData\Local\Programs\Microsoft VS Code\bin;C:\Users\User\AppData\Roaming\npm;C:\Users\User\AppData\Local\GitHubDesktop\bin;C:\Users\User\AppData\Local\Microsoft\WindowsApps;C:\Users\User\AppData\Local\Programs\Python\Python38-32\Scripts\;C:\Users\User\AppData\Local\Programs\Python\Python38-32\;C:\Users\User\AppData\Local\Programs\Python\Python38-32\lib\site-packages;C:\Program Files\Java\jdk-11.0.3\bin;
USERNAME=User
OS=Windows_NT
PROCESSOR_IDENTIFIER=Intel64 Family 6 Model 92 Stepping 9, GenuineIntel



---------------  S Y S T E M  ---------------

OS: Windows 10 , 64 bit Build 18362 (10.0.18362.329)

CPU:total 4 (initial active 4) (4 cores per cpu, 1 threads per core) family 6 model 92 stepping 9, cmov, cx8, fxsr, mmx, sse, sse2, sse3, ssse3, sse4.1, sse4.2, popcnt, aes, clmul, erms, 3dnowpref, tsc, tscinvbit, sha

Memory: 4k page, system-wide physical 3959M (482M free)
TotalPageFile size 10885M (AvailPageFile size 1859M)
current process WorkingSet (physical memory assigned to process): 299M, peak: 300M
current process commit charge ("private bytes"): 333M, peak: 334M

vm_info: OpenJDK 64-Bit Server VM (11.0.3+7) for windows-amd64 JRE (11.0.3+7), built on Apr 18 2019 09:08:27 by "" with MS VC++ 15.8 (VS2017)

END.
