#
# A fatal error has been detected by the Java Runtime Environment:
#
#  EXCEPTION_ACCESS_VIOLATION (0xc0000005) at pc=0x00007ff8344aef65, pid=13148, tid=9324
#
# JRE version: OpenJDK Runtime Environment (11.0.3+7) (build 11.0.3+7)
# Java VM: OpenJDK 64-Bit Server VM (11.0.3+7, mixed mode, tiered, compressed oops, g1 gc, windows-amd64)
# Problematic frame:
# V  [jvm.dll+0x10ef65]
#
# No core dump will be written. Minidumps are not enabled by default on client versions of Windows
#
# If you would like to submit a bug report, please visit:
#   https://github.com/AdoptOpenJDK/openjdk-build/issues
#

---------------  S U M M A R Y ------------

Command Line: -Xdebug -Xnoagent -Djava.compiler=NONE -Xrunjdwp:transport=dt_socket,address=localhost:49981,server=n,suspend=y -ea -Dfile.encoding=UTF-8 org.eclipse.jdt.internal.junit.runner.RemoteTestRunner -version 3 -port 49978 -testLoaderClass org.eclipse.jdt.internal.junit5.runner.JUnit5TestLoader -loaderpluginname org.eclipse.jdt.junit5.runtime -test com.example.recipeservice.AccountControllerTest:shouldShow404

Host: Intel(R) Pentium(R) CPU N4200 @ 1.10GHz, 4 cores, 3G,  Windows 10 , 64 bit Build 18362 (10.0.18362.329)
Time: Tue Apr 14 22:30:58 2020 Central European Daylight Time elapsed time: 9 seconds (0d 0h 0m 9s)

---------------  T H R E A D  ---------------

Current thread (0x000001b99da26800):  JavaThread "C2 CompilerThread1" daemon [_thread_in_native, id=9324, stack(0x0000005ed1b00000,0x0000005ed1c00000)]


Current CompileTask:
C2:   9837 2187   !   4       jdk.internal.loader.BuiltinClassLoader::loadClassOrNull (143 bytes)

Stack: [0x0000005ed1b00000,0x0000005ed1c00000],  sp=0x0000005ed1bfb470,  free space=1005k
Native frames: (J=compiled Java code, j=interpreted, Vv=VM code, C=native code)
V  [jvm.dll+0x10ef65]
V  [jvm.dll+0x10f394]
V  [jvm.dll+0x10edc4]
V  [jvm.dll+0x5dc00e]
V  [jvm.dll+0x1fa072]
V  [jvm.dll+0x1f8ecf]
V  [jvm.dll+0x17de9b]
V  [jvm.dll+0x207cb7]
V  [jvm.dll+0x20621e]
V  [jvm.dll+0x6d397c]
V  [jvm.dll+0x6cc9cc]
V  [jvm.dll+0x5d5e96]
C  [ucrtbase.dll+0x20e72]
C  [KERNEL32.DLL+0x17bd4]
C  [ntdll.dll+0x6ced1]


siginfo: EXCEPTION_ACCESS_VIOLATION (0xc0000005), reading address 0xffffffffffffffff


Register to memory mapping:

RIP=0x00007ff8344aef65 jvm.dll
RAX=0x000001b9a5fc3bf8 points into unknown readable memory: a8 4d 5f a1 b9 01 00 00
RBX=0x0000000000001348 is an unknown value
RCX=0x0001000100000001 is an unknown value
RDX=0x000001b9a69c8fe0 points into unknown readable memory: 00 00 41 c0 00 00 00 00
RSP=0x0000005ed1bfb470 is pointing into the stack for thread: 0x000001b99da26800
RBP=0x0000000000000269 is an unknown value
RSI=0x000000000000025d is an unknown value
RDI=0x0001000100000001 is an unknown value
R8 =0x000001b9a46045c0 points into unknown readable memory: e0 45 60 a4 b9 01 00 00
R9 =0x00007ff8343a0000 jvm.dll
R10=0x0000000000000002 is an unknown value
R11=0x0000000000000080 is an unknown value
R12=0x000001b9a15f57d0 points into unknown readable memory: d8 ef b2 34 f8 7f 00 00
R13=0x000000000000000c is an unknown value
R14=0x000001b9a46045b0 points into unknown readable memory: 20 0a 60 a4 05 00 00 00
R15=0x000001b9a15f57d0 points into unknown readable memory: d8 ef b2 34 f8 7f 00 00


Registers:
RAX=0x000001b9a5fc3bf8, RBX=0x0000000000001348, RCX=0x0001000100000001, RDX=0x000001b9a69c8fe0
RSP=0x0000005ed1bfb470, RBP=0x0000000000000269, RSI=0x000000000000025d, RDI=0x0001000100000001
R8 =0x000001b9a46045c0, R9 =0x00007ff8343a0000, R10=0x0000000000000002, R11=0x0000000000000080
R12=0x000001b9a15f57d0, R13=0x000000000000000c, R14=0x000001b9a46045b0, R15=0x000001b9a15f57d0
RIP=0x00007ff8344aef65, EFLAGS=0x0000000000010202

Top of Stack: (sp=0x0000005ed1bfb470)
0x0000005ed1bfb470:   0000000000000080 0000000000000004
0x0000005ed1bfb480:   000001b9ffe96ee0 0000000000000008
0x0000005ed1bfb490:   000001b900000200 0000000000001348
0x0000005ed1bfb4a0:   00000000000004d2 0000000000000269
0x0000005ed1bfb4b0:   000001b99e588c70 000000000000000d
0x0000005ed1bfb4c0:   000001b9a01828c0 00000000000002be
0x0000005ed1bfb4d0:   0000005ed1bfbac0 0000000000000294
0x0000005ed1bfb4e0:   00000000ffffffff 000001b9a5fc51f0
0x0000005ed1bfb4f0:   0000000000000011 000001b9a69627c0
0x0000005ed1bfb500:   000001b9a15f57d0 00007ff8344af394
0x0000005ed1bfb510:   000001b9a5fc51f0 000001b900000074
0x0000005ed1bfb520:   00000000000002be 0000005ed1bfbac0
0x0000005ed1bfb530:   000001b9a69c8fe0 00007ff8344afd92
0x0000005ed1bfb540:   000001b99fe1ee30 000001b9a1acea50
0x0000005ed1bfb550:   000001b9a69c9100 000001b9a5fc51f0
0x0000005ed1bfb560:   000001b9a157daa0 0000000000000001 

Instructions: (pc=0x00007ff8344aef65)
0x00007ff8344aef45:   f0 48 03 f1 eb 07 48 c7 c6 ff ff ff ff 48 8b 84
0x00007ff8344aef55:   24 a0 00 00 00 48 8b 40 08 48 8b 3c 03 48 8b cf
0x00007ff8344aef65:   48 8b 07 ff 50 28 4c 8d 0d 8e 10 ef ff 48 8b d0
0x00007ff8344aef75:   4c 63 40 10 49 8b c8 48 c1 e1 05 42 80 bc 09 b0 


Stack slot to memory mapping:
stack at sp + 0 slots: 0x0000000000000080 is an unknown value
stack at sp + 1 slots: 0x0000000000000004 is an unknown value
stack at sp + 2 slots: 0x000001b9ffe96ee0 points into unknown readable memory: 80 ff 7c a3 b9 01 00 00
stack at sp + 3 slots: 0x0000000000000008 is an unknown value
stack at sp + 4 slots: 0x000001b900000200 is an unknown value
stack at sp + 5 slots: 0x0000000000001348 is an unknown value
stack at sp + 6 slots: 0x00000000000004d2 is an unknown value
stack at sp + 7 slots: 0x0000000000000269 is an unknown value


---------------  P R O C E S S  ---------------

Threads class SMR info:
_java_thread_list=0x000001b9a11b2b80, length=15, elements={
0x000001b9ffeab000, 0x000001b99da04800, 0x000001b99da0d800, 0x000001b99e3a2800,
0x000001b99e3a3800, 0x000001b99da22800, 0x000001b99da29800, 0x000001b99da54000,
0x000001b99e712800, 0x000001b99e719800, 0x000001b99e722800, 0x000001b99e733000,
0x000001b99e576800, 0x000001b99f29e000, 0x000001b99da26800
}

Java Threads: ( => current thread )
  0x000001b9ffeab000 JavaThread "main" [_thread_in_native, id=7700, stack(0x0000005ed0200000,0x0000005ed0300000)]
  0x000001b99da04800 JavaThread "Reference Handler" daemon [_thread_blocked, id=8896, stack(0x0000005ed0900000,0x0000005ed0a00000)]
  0x000001b99da0d800 JavaThread "Finalizer" daemon [_thread_blocked, id=3744, stack(0x0000005ed0a00000,0x0000005ed0b00000)]
  0x000001b99e3a2800 JavaThread "Signal Dispatcher" daemon [_thread_blocked, id=1204, stack(0x0000005ed0b00000,0x0000005ed0c00000)]
  0x000001b99e3a3800 JavaThread "Attach Listener" daemon [_thread_blocked, id=460, stack(0x0000005ed0c00000,0x0000005ed0d00000)]
  0x000001b99da22800 JavaThread "C2 CompilerThread0" daemon [_thread_in_native, id=6616, stack(0x0000005ed0d00000,0x0000005ed0e00000)]
  0x000001b99da29800 JavaThread "C1 CompilerThread0" daemon [_thread_blocked, id=2460, stack(0x0000005ed0e00000,0x0000005ed0f00000)]
  0x000001b99da54000 JavaThread "Sweeper thread" daemon [_thread_blocked, id=6176, stack(0x0000005ed0f00000,0x0000005ed1000000)]
  0x000001b99e712800 JavaThread "JDWP Transport Listener: dt_socket" daemon [_thread_blocked, id=5280, stack(0x0000005ed1000000,0x0000005ed1100000)]
  0x000001b99e719800 JavaThread "JDWP Event Helper Thread" daemon [_thread_blocked, id=5564, stack(0x0000005ed1100000,0x0000005ed1200000)]
  0x000001b99e722800 JavaThread "JDWP Command Reader" daemon [_thread_in_native, id=7692, stack(0x0000005ed1200000,0x0000005ed1300000)]
  0x000001b99e733000 JavaThread "Service Thread" daemon [_thread_blocked, id=11560, stack(0x0000005ed1300000,0x0000005ed1400000)]
  0x000001b99e576800 JavaThread "Common-Cleaner" daemon [_thread_blocked, id=2544, stack(0x0000005ed1500000,0x0000005ed1600000)]
  0x000001b99f29e000 JavaThread "ReaderThread" [_thread_in_native, id=8856, stack(0x0000005ed1700000,0x0000005ed1800000)]
=>0x000001b99da26800 JavaThread "C2 CompilerThread1" daemon [_thread_in_native, id=9324, stack(0x0000005ed1b00000,0x0000005ed1c00000)]

Other Threads:
  0x000001b99d9d9800 VMThread "VM Thread" [stack: 0x0000005ed0800000,0x0000005ed0900000] [id=13168]
  0x000001b99e733800 WatcherThread [stack: 0x0000005ed1400000,0x0000005ed1500000] [id=10520]
  0x000001b9ffec3000 GCTaskThread "GC Thread#0" [stack: 0x0000005ed0300000,0x0000005ed0400000] [id=10304]
  0x000001b99f03b000 GCTaskThread "GC Thread#1" [stack: 0x0000005ed1600000,0x0000005ed1700000] [id=10636]
  0x000001b99f91b800 GCTaskThread "GC Thread#2" [stack: 0x0000005ed1900000,0x0000005ed1a00000] [id=11488]
  0x000001b99f54f800 GCTaskThread "GC Thread#3" [stack: 0x0000005ed1a00000,0x0000005ed1b00000] [id=2700]
  0x000001b9ffeea800 ConcurrentGCThread "G1 Main Marker" [stack: 0x0000005ed0400000,0x0000005ed0500000] [id=8240]
  0x000001b9ffeec800 ConcurrentGCThread "G1 Conc#0" [stack: 0x0000005ed0500000,0x0000005ed0600000] [id=6604]
  0x000001b9fff33000 ConcurrentGCThread "G1 Refine#0" [stack: 0x0000005ed0600000,0x0000005ed0700000] [id=8632]
  0x000001b9fff34000 ConcurrentGCThread "G1 Young RemSet Sampling" [stack: 0x0000005ed0700000,0x0000005ed0800000] [id=1064]

Threads with active compile tasks:
C2 CompilerThread02628       4       jdk.internal.module.SystemModuleFinders$SystemModuleReader::find (54 bytes)
C2 CompilerThread12187   !   4       jdk.internal.loader.BuiltinClassLoader::loadClassOrNull (143 bytes)

VM state:not at safepoint (normal execution)

VM Mutex/Monitor currently owned by a thread: None

Heap address: 0x00000000c2200000, size: 990 MB, Compressed Oops mode: 32-bit
Narrow klass base: 0x0000000000000000, Narrow klass shift: 3
Compressed class space size: 1073741824 Address: 0x0000000100000000

Heap:
 garbage-first heap   total 63488K, used 26487K [0x00000000c2200000, 0x0000000100000000)
  region size 1024K, 16 young (16384K), 3 survivors (3072K)
 Metaspace       used 31480K, capacity 32441K, committed 32560K, reserved 1077248K
  class space    used 3754K, capacity 4155K, committed 4224K, reserved 1048576K
Heap Regions: E=young(eden), S=young(survivor), O=old, HS=humongous(starts), HC=humongous(continues), CS=collection set, F=free, A=archive, TAMS=top-at-mark-start (previous, next)
|   0|0x00000000c2200000, 0x00000000c2300000, 0x00000000c2300000|100%|HS|  |TAMS 0x00000000c2300000, 0x00000000c2200000| Complete 
|   1|0x00000000c2300000, 0x00000000c2400000, 0x00000000c2400000|100%| O|  |TAMS 0x00000000c2400000, 0x00000000c2300000| Untracked 
|   2|0x00000000c2400000, 0x00000000c2500000, 0x00000000c2500000|100%| O|  |TAMS 0x00000000c2500000, 0x00000000c2400000| Untracked 
|   3|0x00000000c2500000, 0x00000000c2600000, 0x00000000c2600000|100%| O|  |TAMS 0x00000000c2600000, 0x00000000c2500000| Untracked 
|   4|0x00000000c2600000, 0x00000000c2700000, 0x00000000c2700000|100%| O|  |TAMS 0x00000000c2700000, 0x00000000c2600000| Untracked 
|   5|0x00000000c2700000, 0x00000000c2800000, 0x00000000c2800000|100%| O|  |TAMS 0x00000000c2800000, 0x00000000c2700000| Untracked 
|   6|0x00000000c2800000, 0x00000000c2900000, 0x00000000c2900000|100%| O|  |TAMS 0x00000000c2900000, 0x00000000c2800000| Untracked 
|   7|0x00000000c2900000, 0x00000000c2a00000, 0x00000000c2a00000|100%| O|  |TAMS 0x00000000c2a00000, 0x00000000c2900000| Untracked 
|   8|0x00000000c2a00000, 0x00000000c2b00000, 0x00000000c2b00000|100%| O|  |TAMS 0x00000000c2b00000, 0x00000000c2a00000| Untracked 
|   9|0x00000000c2b00000, 0x00000000c2c00000, 0x00000000c2c00000|100%| O|  |TAMS 0x00000000c2c00000, 0x00000000c2b00000| Untracked 
|  10|0x00000000c2c00000, 0x00000000c2d00000, 0x00000000c2d00000|100%| O|  |TAMS 0x00000000c2c64000, 0x00000000c2c00000| Untracked 
|  11|0x00000000c2d00000, 0x00000000c2d62c00, 0x00000000c2e00000| 38%| O|  |TAMS 0x00000000c2d00000, 0x00000000c2d00000| Untracked 
|  12|0x00000000c2e00000, 0x00000000c2e00000, 0x00000000c2f00000|  0%| F|  |TAMS 0x00000000c2e00000, 0x00000000c2e00000| Untracked 
|  13|0x00000000c2f00000, 0x00000000c2f00000, 0x00000000c3000000|  0%| F|  |TAMS 0x00000000c2f00000, 0x00000000c2f00000| Untracked 
|  14|0x00000000c3000000, 0x00000000c3000000, 0x00000000c3100000|  0%| F|  |TAMS 0x00000000c3000000, 0x00000000c3000000| Untracked 
|  15|0x00000000c3100000, 0x00000000c3100000, 0x00000000c3200000|  0%| F|  |TAMS 0x00000000c3100000, 0x00000000c3100000| Untracked 
|  16|0x00000000c3200000, 0x00000000c3200000, 0x00000000c3300000|  0%| F|  |TAMS 0x00000000c3200000, 0x00000000c3200000| Untracked 
|  17|0x00000000c3300000, 0x00000000c3300000, 0x00000000c3400000|  0%| F|  |TAMS 0x00000000c3300000, 0x00000000c3300000| Untracked 
|  18|0x00000000c3400000, 0x00000000c3400000, 0x00000000c3500000|  0%| F|  |TAMS 0x00000000c3400000, 0x00000000c3400000| Untracked 
|  19|0x00000000c3500000, 0x00000000c3500000, 0x00000000c3600000|  0%| F|  |TAMS 0x00000000c3500000, 0x00000000c3500000| Untracked 
|  20|0x00000000c3600000, 0x00000000c3600000, 0x00000000c3700000|  0%| F|  |TAMS 0x00000000c3600000, 0x00000000c3600000| Untracked 
|  21|0x00000000c3700000, 0x00000000c3700000, 0x00000000c3800000|  0%| F|  |TAMS 0x00000000c3700000, 0x00000000c3700000| Untracked 
|  22|0x00000000c3800000, 0x00000000c3800000, 0x00000000c3900000|  0%| F|  |TAMS 0x00000000c3800000, 0x00000000c3800000| Untracked 
|  23|0x00000000c3900000, 0x00000000c3900000, 0x00000000c3a00000|  0%| F|  |TAMS 0x00000000c3900000, 0x00000000c3900000| Untracked 
|  24|0x00000000c3a00000, 0x00000000c3a00000, 0x00000000c3b00000|  0%| F|  |TAMS 0x00000000c3a00000, 0x00000000c3a00000| Untracked 
|  25|0x00000000c3b00000, 0x00000000c3b00000, 0x00000000c3c00000|  0%| F|  |TAMS 0x00000000c3b00000, 0x00000000c3b00000| Untracked 
|  26|0x00000000c3c00000, 0x00000000c3c00000, 0x00000000c3d00000|  0%| F|  |TAMS 0x00000000c3c00000, 0x00000000c3c00000| Untracked 
|  27|0x00000000c3d00000, 0x00000000c3d00000, 0x00000000c3e00000|  0%| F|  |TAMS 0x00000000c3d00000, 0x00000000c3d00000| Untracked 
|  28|0x00000000c3e00000, 0x00000000c3e00000, 0x00000000c3f00000|  0%| F|  |TAMS 0x00000000c3e00000, 0x00000000c3e00000| Untracked 
|  29|0x00000000c3f00000, 0x00000000c3f00000, 0x00000000c4000000|  0%| F|  |TAMS 0x00000000c3f00000, 0x00000000c3f00000| Untracked 
|  30|0x00000000c4000000, 0x00000000c4000000, 0x00000000c4100000|  0%| F|  |TAMS 0x00000000c4000000, 0x00000000c4000000| Untracked 
|  31|0x00000000c4100000, 0x00000000c4100000, 0x00000000c4200000|  0%| F|  |TAMS 0x00000000c4100000, 0x00000000c4100000| Untracked 
|  32|0x00000000c4200000, 0x00000000c4200000, 0x00000000c4300000|  0%| F|  |TAMS 0x00000000c4200000, 0x00000000c4200000| Untracked 
|  33|0x00000000c4300000, 0x00000000c437b0e8, 0x00000000c4400000| 48%| S|CS|TAMS 0x00000000c4300000, 0x00000000c4300000| Complete 
|  34|0x00000000c4400000, 0x00000000c4500000, 0x00000000c4500000|100%| S|CS|TAMS 0x00000000c4400000, 0x00000000c4400000| Complete 
|  35|0x00000000c4500000, 0x00000000c4600000, 0x00000000c4600000|100%| S|CS|TAMS 0x00000000c4500000, 0x00000000c4500000| Complete 
|  36|0x00000000c4600000, 0x00000000c4600000, 0x00000000c4700000|  0%| F|  |TAMS 0x00000000c4600000, 0x00000000c4600000| Untracked 
|  37|0x00000000c4700000, 0x00000000c4700000, 0x00000000c4800000|  0%| F|  |TAMS 0x00000000c4700000, 0x00000000c4700000| Untracked 
|  38|0x00000000c4800000, 0x00000000c4800000, 0x00000000c4900000|  0%| F|  |TAMS 0x00000000c4800000, 0x00000000c4800000| Untracked 
|  39|0x00000000c4900000, 0x00000000c4900000, 0x00000000c4a00000|  0%| F|  |TAMS 0x00000000c4900000, 0x00000000c4900000| Untracked 
|  40|0x00000000c4a00000, 0x00000000c4a00000, 0x00000000c4b00000|  0%| F|  |TAMS 0x00000000c4a00000, 0x00000000c4a00000| Untracked 
|  41|0x00000000c4b00000, 0x00000000c4b00000, 0x00000000c4c00000|  0%| F|  |TAMS 0x00000000c4b00000, 0x00000000c4b00000| Untracked 
|  42|0x00000000c4c00000, 0x00000000c4c00000, 0x00000000c4d00000|  0%| F|  |TAMS 0x00000000c4c00000, 0x00000000c4c00000| Untracked 
|  43|0x00000000c4d00000, 0x00000000c4d00000, 0x00000000c4e00000|  0%| F|  |TAMS 0x00000000c4d00000, 0x00000000c4d00000| Untracked 
|  44|0x00000000c4e00000, 0x00000000c4e00000, 0x00000000c4f00000|  0%| F|  |TAMS 0x00000000c4e00000, 0x00000000c4e00000| Untracked 
|  45|0x00000000c4f00000, 0x00000000c4f00000, 0x00000000c5000000|  0%| F|  |TAMS 0x00000000c4f00000, 0x00000000c4f00000| Untracked 
|  46|0x00000000c5000000, 0x00000000c5000000, 0x00000000c5100000|  0%| F|  |TAMS 0x00000000c5000000, 0x00000000c5000000| Untracked 
|  47|0x00000000c5100000, 0x00000000c5100000, 0x00000000c5200000|  0%| F|  |TAMS 0x00000000c5100000, 0x00000000c5100000| Untracked 
|  48|0x00000000c5200000, 0x00000000c5200000, 0x00000000c5300000|  0%| F|  |TAMS 0x00000000c5200000, 0x00000000c5200000| Untracked 
|  49|0x00000000c5300000, 0x00000000c53c0c20, 0x00000000c5400000| 75%| E|  |TAMS 0x00000000c5300000, 0x00000000c5300000| Complete 
|  50|0x00000000c5400000, 0x00000000c5500000, 0x00000000c5500000|100%| E|CS|TAMS 0x00000000c5400000, 0x00000000c5400000| Complete 
|  51|0x00000000c5500000, 0x00000000c5600000, 0x00000000c5600000|100%| E|CS|TAMS 0x00000000c5500000, 0x00000000c5500000| Complete 
|  52|0x00000000c5600000, 0x00000000c5700000, 0x00000000c5700000|100%| E|CS|TAMS 0x00000000c5600000, 0x00000000c5600000| Complete 
|  53|0x00000000c5700000, 0x00000000c5800000, 0x00000000c5800000|100%| E|CS|TAMS 0x00000000c5700000, 0x00000000c5700000| Complete 
|  54|0x00000000c5800000, 0x00000000c5900000, 0x00000000c5900000|100%| E|CS|TAMS 0x00000000c5800000, 0x00000000c5800000| Complete 
|  55|0x00000000c5900000, 0x00000000c5a00000, 0x00000000c5a00000|100%| E|CS|TAMS 0x00000000c5900000, 0x00000000c5900000| Complete 
|  56|0x00000000c5a00000, 0x00000000c5b00000, 0x00000000c5b00000|100%| E|CS|TAMS 0x00000000c5a00000, 0x00000000c5a00000| Complete 
|  57|0x00000000c5b00000, 0x00000000c5c00000, 0x00000000c5c00000|100%| E|CS|TAMS 0x00000000c5b00000, 0x00000000c5b00000| Complete 
|  58|0x00000000c5c00000, 0x00000000c5d00000, 0x00000000c5d00000|100%| E|CS|TAMS 0x00000000c5c00000, 0x00000000c5c00000| Complete 
|  59|0x00000000c5d00000, 0x00000000c5e00000, 0x00000000c5e00000|100%| E|CS|TAMS 0x00000000c5d00000, 0x00000000c5d00000| Complete 
|  60|0x00000000c5e00000, 0x00000000c5f00000, 0x00000000c5f00000|100%| E|CS|TAMS 0x00000000c5e00000, 0x00000000c5e00000| Complete 
|  61|0x00000000c5f00000, 0x00000000c6000000, 0x00000000c6000000|100%| E|CS|TAMS 0x00000000c5f00000, 0x00000000c5f00000| Complete 

Card table byte_map: [0x000001b999140000,0x000001b999330000] _byte_map_base: 0x000001b998b2f000

Marking Bits (Prev, Next): (CMBitMap*) 0x000001b9ffed79b0, (CMBitMap*) 0x000001b9ffed7978
 Prev Bits: [0x000001b99a4a0000, 0x000001b99b418000)
 Next Bits: [0x000001b999520000, 0x000001b99a498000)

Polling page: 0x000001b9ff970000

Metaspace:

Usage:
  Non-class:     27.62 MB capacity,    27.08 MB ( 98%) used,   446.98 KB (  2%) free+waste,   110.38 KB ( <1%) overhead. 
      Class:      4.06 MB capacity,     3.67 MB ( 90%) used,   347.50 KB (  8%) free+waste,    52.88 KB (  1%) overhead. 
       Both:     31.68 MB capacity,    30.75 MB ( 97%) used,   794.48 KB (  2%) free+waste,   163.25 KB ( <1%) overhead. 

Virtual space:
  Non-class space:       28.00 MB reserved,      27.67 MB ( 99%) committed 
      Class space:        1.00 GB reserved,       4.13 MB ( <1%) committed 
             Both:        1.03 GB reserved,      31.80 MB (  3%) committed 

Chunk freelists:
   Non-Class:  50.00 KB
       Class:  5.00 KB
        Both:  55.00 KB

CodeHeap 'non-profiled nmethods': size=120064Kb used=1246Kb max_used=1246Kb free=118817Kb
 bounds [0x000001b9913e0000, 0x000001b991650000, 0x000001b998920000]
CodeHeap 'profiled nmethods': size=120000Kb used=5472Kb max_used=5472Kb free=114527Kb
 bounds [0x000001b989eb0000, 0x000001b98a410000, 0x000001b9913e0000]
CodeHeap 'non-nmethods': size=5696Kb used=1253Kb max_used=1284Kb free=4443Kb
 bounds [0x000001b989920000, 0x000001b989b90000, 0x000001b989eb0000]
 total_blobs=3644 nmethods=2450 adapters=368
 compilation: enabled
              stopped_count=0, restarted_count=0
 full_count=0

Compilation events (10 events):
Event: 9.821 Thread 0x000001b99da29800 nmethod 2618 0x000001b98a3e9d10 code [0x000001b98a3e9f00, 0x000001b98a3ea3a0]
Event: 9.821 Thread 0x000001b99da29800 2617       3       org.springframework.core.annotation.TypeMappedAnnotation::<init> (112 bytes)
Event: 9.822 Thread 0x000001b99da29800 nmethod 2617 0x000001b98a3ea590 code [0x000001b98a3ea800, 0x000001b98a3eb360]
Event: 9.822 Thread 0x000001b99da29800 2619       3       org.springframework.core.annotation.TypeMappedAnnotation::getType (8 bytes)
Event: 9.823 Thread 0x000001b99da29800 nmethod 2619 0x000001b98a3eb790 code [0x000001b98a3eb940, 0x000001b98a3ebab8]
Event: 9.826 Thread 0x000001b99da22800 nmethod 2613 0x000001b991512d10 code [0x000001b991512ec0, 0x000001b991513298]
Event: 9.826 Thread 0x000001b99da22800 2615       4       org.springframework.asm.ClassReader::readUnsignedShort (26 bytes)
Event: 9.828 Thread 0x000001b99da29800 2621       3       org.springframework.asm.Type::getClassName (172 bytes)
Event: 9.828 Thread 0x000001b99da22800 nmethod 2615 0x000001b991513690 code [0x000001b991513820, 0x000001b991513938]
Event: 9.828 Thread 0x000001b99da22800 2614       4       java.nio.Buffer::<init> (99 bytes)

GC Heap History (10 events):
Event: 5.178 GC heap before
{Heap before GC invocations=4 (full 0):
 garbage-first heap   total 63488K, used 16931K [0x00000000c2200000, 0x0000000100000000)
  region size 1024K, 9 young (9216K), 3 survivors (3072K)
 Metaspace       used 20533K, capacity 21149K, committed 21296K, reserved 1069056K
  class space    used 2236K, capacity 2432K, committed 2432K, reserved 1048576K
}
Event: 5.185 GC heap after
{Heap after GC invocations=5 (full 0):
 garbage-first heap   total 63488K, used 12173K [0x00000000c2200000, 0x0000000100000000)
  region size 1024K, 2 young (2048K), 2 survivors (2048K)
 Metaspace       used 20533K, capacity 21149K, committed 21296K, reserved 1069056K
  class space    used 2236K, capacity 2432K, committed 2432K, reserved 1048576K
}
Event: 5.723 GC heap before
{Heap before GC invocations=6 (full 0):
 garbage-first heap   total 63488K, used 32653K [0x00000000c2200000, 0x0000000100000000)
  region size 1024K, 23 young (23552K), 2 survivors (2048K)
 Metaspace       used 21456K, capacity 22050K, committed 22320K, reserved 1069056K
  class space    used 2454K, capacity 2664K, committed 2688K, reserved 1048576K
}
Event: 5.727 GC heap after
{Heap after GC invocations=7 (full 0):
 garbage-first heap   total 63488K, used 12484K [0x00000000c2200000, 0x0000000100000000)
  region size 1024K, 2 young (2048K), 2 survivors (2048K)
 Metaspace       used 21456K, capacity 22050K, committed 22320K, reserved 1069056K
  class space    used 2454K, capacity 2664K, committed 2688K, reserved 1048576K
}
Event: 6.364 GC heap before
{Heap before GC invocations=7 (full 0):
 garbage-first heap   total 63488K, used 36036K [0x00000000c2200000, 0x0000000100000000)
  region size 1024K, 25 young (25600K), 2 survivors (2048K)
 Metaspace       used 24229K, capacity 25023K, committed 25136K, reserved 1071104K
  class space    used 2846K, capacity 3149K, committed 3200K, reserved 1048576K
}
Event: 6.371 GC heap after
{Heap after GC invocations=8 (full 0):
 garbage-first heap   total 63488K, used 13179K [0x00000000c2200000, 0x0000000100000000)
  region size 1024K, 3 young (3072K), 3 survivors (3072K)
 Metaspace       used 24229K, capacity 25023K, committed 25136K, reserved 1071104K
  class space    used 2846K, capacity 3149K, committed 3200K, reserved 1048576K
}
Event: 6.828 GC heap before
{Heap before GC invocations=8 (full 0):
 garbage-first heap   total 63488K, used 35707K [0x00000000c2200000, 0x0000000100000000)
  region size 1024K, 26 young (26624K), 3 survivors (3072K)
 Metaspace       used 27603K, capacity 28370K, committed 28592K, reserved 1075200K
  class space    used 3232K, capacity 3517K, committed 3584K, reserved 1048576K
}
Event: 6.833 GC heap after
{Heap after GC invocations=9 (full 0):
 garbage-first heap   total 63488K, used 13551K [0x00000000c2200000, 0x0000000100000000)
  region size 1024K, 2 young (2048K), 2 survivors (2048K)
 Metaspace       used 27603K, capacity 28370K, committed 28592K, reserved 1075200K
  class space    used 3232K, capacity 3517K, committed 3584K, reserved 1048576K
}
Event: 7.697 GC heap before
{Heap before GC invocations=9 (full 0):
 garbage-first heap   total 63488K, used 38127K [0x00000000c2200000, 0x0000000100000000)
  region size 1024K, 26 young (26624K), 2 survivors (2048K)
 Metaspace       used 30615K, capacity 31511K, committed 31664K, reserved 1077248K
  class space    used 3634K, capacity 4013K, committed 4096K, reserved 1048576K
}
Event: 7.703 GC heap after
{Heap after GC invocations=10 (full 0):
 garbage-first heap   total 63488K, used 14199K [0x00000000c2200000, 0x0000000100000000)
  region size 1024K, 3 young (3072K), 3 survivors (3072K)
 Metaspace       used 30615K, capacity 31511K, committed 31664K, reserved 1077248K
  class space    used 3634K, capacity 4013K, committed 4096K, reserved 1048576K
}

Deoptimization events (10 events):
Event: 6.044 Thread 0x000001b99fb25000 Uncommon trap: reason=unstable_if action=reinterpret pc=0x000001b99144ce8c method=java.util.concurrent.ConcurrentHashMap.get(Ljava/lang/Object;)Ljava/lang/Object; @ 76 c2
Event: 6.053 Thread 0x000001b99fb25000 Uncommon trap: reason=bimorphic_or_optimized_type_check action=maybe_recompile pc=0x000001b991444370 method=java.util.HashMap.putVal(ILjava/lang/Object;Ljava/lang/Object;ZZ)Ljava/lang/Object; @ 203 c2
Event: 6.132 Thread 0x000001b9ffeab000 Uncommon trap: reason=unstable_if action=reinterpret pc=0x000001b9913f938c method=org.springframework.boot.context.properties.source.ConfigurationPropertyName$ElementsParser.isAlpha(C)Z @ 9 c2
Event: 6.262 Thread 0x000001b99fb25000 Uncommon trap: reason=unstable_if action=reinterpret pc=0x000001b99144613c method=jdk.internal.org.objectweb.asm.Type.getArgumentsAndReturnSizes(Ljava/lang/String;)I @ 136 c2
Event: 6.542 Thread 0x000001b9ffeab000 Uncommon trap: reason=unstable_if action=reinterpret pc=0x000001b9914b2edc method=java.util.jar.JarFile.maybeInstantiateVerifier()V @ 21 c2
Event: 6.648 Thread 0x000001b99fb25000 Uncommon trap: reason=unstable_if action=reinterpret pc=0x000001b9914746b0 method=java.util.concurrent.ConcurrentHashMap.addCount(JI)V @ 34 c2
Event: 7.831 Thread 0x000001b9ffeab000 Uncommon trap: reason=unstable_if action=reinterpret pc=0x000001b99148ac18 method=org.springframework.util.ConcurrentReferenceHashMap$Segment.clear()V @ 7 c2
Event: 8.593 Thread 0x000001b9ffeab000 Uncommon trap: reason=unstable_if action=reinterpret pc=0x000001b9914cb720 method=org.springframework.boot.context.properties.source.ConfigurationPropertyName$ElementsParser.parse(Ljava/util/function/Function;)Lorg/springframework/boot/context/properties/
Event: 8.598 Thread 0x000001b9ffeab000 Uncommon trap: reason=unstable_if action=reinterpret pc=0x000001b9914c03c4 method=org.springframework.boot.context.properties.source.ConfigurationPropertyName$ElementType.allowsFastEqualityCheck()Z @ 11 c2
Event: 8.790 Thread 0x000001b9ffeab000 Uncommon trap: reason=unstable_if action=reinterpret pc=0x000001b99148deb0 method=java.net.URL.<init>(Ljava/net/URL;Ljava/lang/String;Ljava/net/URLStreamHandler;)V @ 347 c2

Classes redefined (0 events):
No events

Internal exceptions (10 events):
Event: 8.997 Thread 0x000001b9ffeab000 Exception <a 'java/lang/ClassNotFoundException'{0x00000000c5569178}: org/springframework/beans/factory/support/BeanDefinitionRegistryPostProcessorCustomizer> (0x00000000c5569178) thrown at [c:/cygwin64/tmp/openjdk-jdk11u-windows-x64-hotspot/workspace/buil
Event: 8.999 Thread 0x000001b9ffeab000 Exception <a 'java/lang/ClassNotFoundException'{0x00000000c558a130}: org/springframework/beans/factory/config/BeanFactoryPostProcessorCustomizer> (0x00000000c558a130) thrown at [c:/cygwin64/tmp/openjdk-jdk11u-windows-x64-hotspot/workspace/build/src/src/ho
Event: 9.005 Thread 0x000001b9ffeab000 Exception <a 'java/lang/ClassNotFoundException'{0x00000000c55a4850}: org/springframework/core/PriorityOrderedCustomizer> (0x00000000c55a4850) thrown at [c:/cygwin64/tmp/openjdk-jdk11u-windows-x64-hotspot/workspace/build/src/src/hotspot/share/classfile/sys
Event: 9.007 Thread 0x000001b9ffeab000 Exception <a 'java/lang/ClassNotFoundException'{0x00000000c55bc908}: org/springframework/core/OrderedCustomizer> (0x00000000c55bc908) thrown at [c:/cygwin64/tmp/openjdk-jdk11u-windows-x64-hotspot/workspace/build/src/src/hotspot/share/classfile/systemDicti
Event: 9.009 Thread 0x000001b9ffeab000 Exception <a 'java/lang/ClassNotFoundException'{0x00000000c55d8250}: org/springframework/context/ResourceLoaderAwareCustomizer> (0x00000000c55d8250) thrown at [c:/cygwin64/tmp/openjdk-jdk11u-windows-x64-hotspot/workspace/build/src/src/hotspot/share/classf
Event: 9.012 Thread 0x000001b9ffeab000 Exception <a 'java/lang/ClassNotFoundException'{0x00000000c55f2100}: org/springframework/beans/factory/AwareCustomizer> (0x00000000c55f2100) thrown at [c:/cygwin64/tmp/openjdk-jdk11u-windows-x64-hotspot/workspace/build/src/src/hotspot/share/classfile/syst
Event: 9.014 Thread 0x000001b9ffeab000 Exception <a 'java/lang/ClassNotFoundException'{0x00000000c540f348}: org/springframework/beans/factory/BeanClassLoaderAwareCustomizer> (0x00000000c540f348) thrown at [c:/cygwin64/tmp/openjdk-jdk11u-windows-x64-hotspot/workspace/build/src/src/hotspot/share
Event: 9.017 Thread 0x000001b9ffeab000 Exception <a 'java/lang/ClassNotFoundException'{0x00000000c5429250}: org/springframework/beans/factory/AwareCustomizer> (0x00000000c5429250) thrown at [c:/cygwin64/tmp/openjdk-jdk11u-windows-x64-hotspot/workspace/build/src/src/hotspot/share/classfile/syst
Event: 9.021 Thread 0x000001b9ffeab000 Exception <a 'java/lang/ClassNotFoundException'{0x00000000c54440f8}: org/springframework/context/EnvironmentAwareCustomizer> (0x00000000c54440f8) thrown at [c:/cygwin64/tmp/openjdk-jdk11u-windows-x64-hotspot/workspace/build/src/src/hotspot/share/classfile
Event: 9.024 Thread 0x000001b9ffeab000 Exception <a 'java/lang/ClassNotFoundException'{0x00000000c545df78}: org/springframework/beans/factory/AwareCustomizer> (0x00000000c545df78) thrown at [c:/cygwin64/tmp/openjdk-jdk11u-windows-x64-hotspot/workspace/build/src/src/hotspot/share/classfile/syst

Events (10 events):
Event: 9.024 Thread 0x000001b9ffeab000 DEOPT PACKING pc=0x000001b98a03509c sp=0x0000005ed02fadc0
Event: 9.024 Thread 0x000001b9ffeab000 DEOPT UNPACKING pc=0x000001b98995c83f sp=0x0000005ed02fa258 mode 1
Event: 9.024 Thread 0x000001b9ffeab000 DEOPT PACKING pc=0x000001b98a0345d4 sp=0x0000005ed02fae90
Event: 9.024 Thread 0x000001b9ffeab000 DEOPT UNPACKING pc=0x000001b98995c83f sp=0x0000005ed02fa348 mode 1
Event: 9.024 Thread 0x000001b9ffeab000 DEOPT PACKING pc=0x000001b98a0d21bc sp=0x0000005ed02fb930
Event: 9.024 Thread 0x000001b9ffeab000 DEOPT UNPACKING pc=0x000001b98995c83f sp=0x0000005ed02fae20 mode 1
Event: 9.024 loading class org/springframework/beans/factory/AwareCustomizer
Event: 9.024 loading class org/springframework/beans/factory/AwareCustomizer done
Event: 9.024 Thread 0x000001b9ffeab000 DEOPT PACKING pc=0x000001b98a20fb8c sp=0x0000005ed02fb970
Event: 9.024 Thread 0x000001b9ffeab000 DEOPT UNPACKING pc=0x000001b98995c83f sp=0x0000005ed02fae40 mode 1


Dynamic libraries:
0x00007ff664890000 - 0x00007ff6648da000 	C:\Program Files\AdoptOpenJDK\jdk-11.0.3.7-hotspot\bin\java.exe
0x00007ff864f40000 - 0x00007ff865130000 	C:\WINDOWS\SYSTEM32\ntdll.dll
0x00007ff863770000 - 0x00007ff863822000 	C:\WINDOWS\System32\KERNEL32.DLL
0x00007ff862210000 - 0x00007ff8624b3000 	C:\WINDOWS\System32\KERNELBASE.dll
0x00007ff8645b0000 - 0x00007ff864744000 	C:\WINDOWS\System32\USER32.dll
0x00007ff8624c0000 - 0x00007ff8624e1000 	C:\WINDOWS\System32\win32u.dll
0x00007ff862ff0000 - 0x00007ff863016000 	C:\WINDOWS\System32\GDI32.dll
0x00007ff861f30000 - 0x00007ff8620c4000 	C:\WINDOWS\System32\gdi32full.dll
0x00007ff862150000 - 0x00007ff8621ee000 	C:\WINDOWS\System32\msvcp_win.dll
0x00007ff8625f0000 - 0x00007ff8626ea000 	C:\WINDOWS\System32\ucrtbase.dll
0x00007ff8516d0000 - 0x00007ff851955000 	C:\WINDOWS\WinSxS\amd64_microsoft.windows.common-controls_6595b64144ccf1df_6.0.18362.720_none_e6beb5c51314836b\COMCTL32.dll
0x00007ff8640a0000 - 0x00007ff86413e000 	C:\WINDOWS\System32\msvcrt.dll
0x00007ff864910000 - 0x00007ff864c46000 	C:\WINDOWS\System32\combase.dll
0x00007ff863f80000 - 0x00007ff8640a0000 	C:\WINDOWS\System32\RPCRT4.dll
0x00007ff8620d0000 - 0x00007ff862150000 	C:\WINDOWS\System32\bcryptPrimitives.dll
0x00007ff863d90000 - 0x00007ff863dbe000 	C:\WINDOWS\System32\IMM32.DLL
0x00007ff856620000 - 0x00007ff856636000 	C:\Program Files\AdoptOpenJDK\jdk-11.0.3.7-hotspot\bin\vcruntime140.dll
0x00007ff845530000 - 0x00007ff8455cb000 	C:\Program Files\AdoptOpenJDK\jdk-11.0.3.7-hotspot\bin\msvcp140.dll
0x00007ff8343a0000 - 0x00007ff834e54000 	C:\Program Files\AdoptOpenJDK\jdk-11.0.3.7-hotspot\bin\server\jvm.dll
0x00007ff863830000 - 0x00007ff8638d3000 	C:\WINDOWS\System32\ADVAPI32.dll
0x00007ff864ce0000 - 0x00007ff864d77000 	C:\WINDOWS\System32\sechost.dll
0x00007ff863d10000 - 0x00007ff863d18000 	C:\WINDOWS\System32\PSAPI.DLL
0x00007ff8524c0000 - 0x00007ff8524c9000 	C:\WINDOWS\SYSTEM32\WSOCK32.dll
0x00007ff863dc0000 - 0x00007ff863e2f000 	C:\WINDOWS\System32\WS2_32.dll
0x00007ff85ed10000 - 0x00007ff85ed34000 	C:\WINDOWS\SYSTEM32\WINMM.dll
0x00007ff85ece0000 - 0x00007ff85ed0d000 	C:\WINDOWS\SYSTEM32\winmmbase.dll
0x00007ff857540000 - 0x00007ff85754a000 	C:\WINDOWS\SYSTEM32\VERSION.dll
0x00007ff8625a0000 - 0x00007ff8625ea000 	C:\WINDOWS\System32\cfgmgr32.dll
0x00007ff861e10000 - 0x00007ff861e21000 	C:\WINDOWS\System32\kernel.appcore.dll
0x00007ff856f70000 - 0x00007ff856f80000 	C:\Program Files\AdoptOpenJDK\jdk-11.0.3.7-hotspot\bin\verify.dll
0x00007ff8606c0000 - 0x00007ff8608b4000 	C:\WINDOWS\SYSTEM32\DBGHELP.DLL
0x00007ff850530000 - 0x00007ff85055a000 	C:\WINDOWS\SYSTEM32\dbgcore.DLL
0x00007ff852f10000 - 0x00007ff852f38000 	C:\Program Files\AdoptOpenJDK\jdk-11.0.3.7-hotspot\bin\java.dll
0x00007ff839440000 - 0x00007ff839478000 	C:\Program Files\AdoptOpenJDK\jdk-11.0.3.7-hotspot\bin\jdwp.dll
0x00007ff856590000 - 0x00007ff8565a6000 	C:\Program Files\AdoptOpenJDK\jdk-11.0.3.7-hotspot\bin\zip.dll
0x00007ff856ef0000 - 0x00007ff856efa000 	C:\Program Files\AdoptOpenJDK\jdk-11.0.3.7-hotspot\bin\jimage.dll
0x00007ff863080000 - 0x00007ff863765000 	C:\WINDOWS\System32\SHELL32.dll
0x00007ff8638e0000 - 0x00007ff863989000 	C:\WINDOWS\System32\shcore.dll
0x00007ff862720000 - 0x00007ff862ea0000 	C:\WINDOWS\System32\windows.storage.dll
0x00007ff861e30000 - 0x00007ff861e53000 	C:\WINDOWS\System32\profapi.dll
0x00007ff861e60000 - 0x00007ff861eaa000 	C:\WINDOWS\System32\powrprof.dll
0x00007ff861e00000 - 0x00007ff861e10000 	C:\WINDOWS\System32\UMPDC.dll
0x00007ff863020000 - 0x00007ff863072000 	C:\WINDOWS\System32\shlwapi.dll
0x00007ff8621f0000 - 0x00007ff862207000 	C:\WINDOWS\System32\cryptsp.dll
0x00007ff848700000 - 0x00007ff84870a000 	C:\Program Files\AdoptOpenJDK\jdk-11.0.3.7-hotspot\bin\dt_socket.dll
0x00007ff861610000 - 0x00007ff861677000 	C:\WINDOWS\System32\mswsock.dll
0x00007ff861360000 - 0x00007ff86142a000 	C:\WINDOWS\SYSTEM32\DNSAPI.dll
0x00007ff864900000 - 0x00007ff864908000 	C:\WINDOWS\System32\NSI.dll
0x00007ff861320000 - 0x00007ff86135a000 	C:\WINDOWS\SYSTEM32\IPHLPAPI.DLL
0x00007ff8576d0000 - 0x00007ff857747000 	C:\WINDOWS\System32\fwpuclnt.dll
0x00007ff8626f0000 - 0x00007ff862716000 	C:\WINDOWS\System32\bcrypt.dll
0x00007ff855db0000 - 0x00007ff855dba000 	C:\Windows\System32\rasadhlp.dll
0x00007ff8557a0000 - 0x00007ff8557b9000 	C:\Program Files\AdoptOpenJDK\jdk-11.0.3.7-hotspot\bin\net.dll
0x00007ff859530000 - 0x00007ff859621000 	C:\WINDOWS\SYSTEM32\WINHTTP.dll
0x00007ff8552e0000 - 0x00007ff8554b5000 	C:\WINDOWS\SYSTEM32\urlmon.dll
0x00007ff855030000 - 0x00007ff8552d6000 	C:\WINDOWS\SYSTEM32\iertutil.dll
0x00007ff8617e0000 - 0x00007ff8617ec000 	C:\WINDOWS\SYSTEM32\CRYPTBASE.DLL
0x00007ff852410000 - 0x00007ff852422000 	C:\Program Files\AdoptOpenJDK\jdk-11.0.3.7-hotspot\bin\nio.dll
0x00007ff857890000 - 0x00007ff8578a6000 	C:\WINDOWS\SYSTEM32\dhcpcsvc6.DLL
0x00007ff857c50000 - 0x00007ff857c6c000 	C:\WINDOWS\SYSTEM32\dhcpcsvc.DLL
0x00007ff856dd0000 - 0x00007ff856dd9000 	C:\Program Files\AdoptOpenJDK\jdk-11.0.3.7-hotspot\bin\management.dll
0x00007ff856340000 - 0x00007ff85634b000 	C:\Program Files\AdoptOpenJDK\jdk-11.0.3.7-hotspot\bin\management_ext.dll
0x00007ff84c5b0000 - 0x00007ff84c5c6000 	C:\WINDOWS\system32\napinsp.dll
0x00007ff84c590000 - 0x00007ff84c5aa000 	C:\WINDOWS\system32\pnrpnsp.dll
0x00007ff84c570000 - 0x00007ff84c585000 	C:\WINDOWS\system32\wshbth.dll
0x00007ff85dc10000 - 0x00007ff85dc2c000 	C:\WINDOWS\system32\NLAapi.dll
0x00007ff84c560000 - 0x00007ff84c56e000 	C:\WINDOWS\System32\winrnr.dll

dbghelp: loaded successfully - version: 4.0.5 - missing functions: none
symbol engine: initialized successfully - sym options: 0x614 - pdb path: .;C:\Program Files\AdoptOpenJDK\jdk-11.0.3.7-hotspot\bin;C:\WINDOWS\SYSTEM32;C:\WINDOWS\WinSxS\amd64_microsoft.windows.common-controls_6595b64144ccf1df_6.0.18362.720_none_e6beb5c51314836b;C:\Program Files\AdoptOpenJDK\jdk-11.0.3.7-hotspot\bin\server

VM Arguments:
jvm_args: -Xdebug -Xnoagent -Djava.compiler=NONE -Xrunjdwp:transport=dt_socket,address=localhost:49981,server=n,suspend=y -ea -Dfile.encoding=UTF-8 
java_command: org.eclipse.jdt.internal.junit.runner.RemoteTestRunner -version 3 -port 49978 -testLoaderClass org.eclipse.jdt.internal.junit5.runner.JUnit5TestLoader -loaderpluginname org.eclipse.jdt.junit5.runtime -test com.example.recipeservice.AccountControllerTest:shouldShow404
java_class_path (initial): C:\Users\User\Documents\GitHub\NWT-CookBook\recipeservice\target\test-classes;C:\Users\User\Documents\GitHub\NWT-CookBook\recipeservice\target\classes;C:\Users\User\.m2\repository\org\springframework\boot\spring-boot-starter\2.2.5.RELEASE\spring-boot-starter-2.2.5.RELEASE.jar;C:\Users\User\.m2\repository\org\springframework\boot\spring-boot\2.2.5.RELEASE\spring-boot-2.2.5.RELEASE.jar;C:\Users\User\.m2\repository\org\springframework\spring-context\5.2.4.RELEASE\spring-context-5.2.4.RELEASE.jar;C:\Users\User\.m2\repository\org\springframework\boot\spring-boot-autoconfigure\2.2.5.RELEASE\spring-boot-autoconfigure-2.2.5.RELEASE.jar;C:\Users\User\.m2\repository\org\springframework\boot\spring-boot-starter-logging\2.2.5.RELEASE\spring-boot-starter-logging-2.2.5.RELEASE.jar;C:\Users\User\.m2\repository\ch\qos\logback\logback-classic\1.2.3\logback-classic-1.2.3.jar;C:\Users\User\.m2\repository\ch\qos\logback\logback-core\1.2.3\logback-core-1.2.3.jar;C:\Users\User\.m2\repository\org\apache\logging\log4j\log4j-to-slf4j\2.12.1\log4j-to-slf4j-2.12.1.jar;C:\Users\User\.m2\repository\org\apache\logging\log4j\log4j-api\2.12.1\log4j-api-2.12.1.jar;C:\Users\User\.m2\repository\org\slf4j\jul-to-slf4j\1.7.30\jul-to-slf4j-1.7.30.jar;C:\Users\User\.m2\repository\jakarta\annotation\jakarta.annotation-api\1.3.5\jakarta.annotation-api-1.3.5.jar;C:\Users\User\.m2\repository\org\springframework\spring-core\5.2.4.RELEASE\spring-core-5.2.4.RELEASE.jar;C:\Users\User\.m2\repository\org\springframework\spring-jcl\5.2.4.RELEASE\spring-jcl-5.2.4.RELEASE.jar;C:\Users\User\.m2\repository\org\yaml\snakeyaml\1.25\snakeyaml-1.25.jar;C:\Users\User\.m2\repository\org\projectlombok\lombok\1.18.12\lombok-1.18.12.jar;C:\Users\User\.m2\repository\org\springframework\boot\spring-boot-starter-test\2.2.5.RELEASE\spring-boot-starter-test-2.2.5.RELEASE.jar;C:\Users\User\.m2\repository\org\springframework\boot\spring-boot-test\2.2.5.RELEASE\spring-boot-test-2.2.5.RELEASE.jar;C:\Users\Us
Launcher Type: SUN_STANDARD

[Global flags]
     intx CICompilerCount                          = 3                                         {product} {ergonomic}
     uint ConcGCThreads                            = 1                                         {product} {ergonomic}
     uint G1ConcRefinementThreads                  = 4                                         {product} {ergonomic}
   size_t G1HeapRegionSize                         = 1048576                                   {product} {ergonomic}
    uintx GCDrainStackTargetSize                   = 64                                        {product} {ergonomic}
   size_t InitialHeapSize                          = 65011712                                  {product} {ergonomic}
   size_t MarkStackSize                            = 4194304                                   {product} {ergonomic}
   size_t MaxHeapSize                              = 1038090240                                {product} {ergonomic}
   size_t MaxNewSize                               = 622854144                                 {product} {ergonomic}
   size_t MinHeapDeltaBytes                        = 1048576                                   {product} {ergonomic}
    uintx NonNMethodCodeHeapSize                   = 5830092                                {pd product} {ergonomic}
    uintx NonProfiledCodeHeapSize                  = 122914074                              {pd product} {ergonomic}
    uintx ProfiledCodeHeapSize                     = 122914074                              {pd product} {ergonomic}
    uintx ReservedCodeCacheSize                    = 251658240                              {pd product} {ergonomic}
     bool SegmentedCodeCache                       = true                                      {product} {ergonomic}
     bool UseCompressedClassPointers               = true                                 {lp64_product} {ergonomic}
     bool UseCompressedOops                        = true                                 {lp64_product} {ergonomic}
     bool UseG1GC                                  = true                                      {product} {ergonomic}
     bool UseLargePagesIndividualAllocation        = false                                  {pd product} {ergonomic}

Logging:
Log output configuration:
 #0: stdout all=warning uptime,level,tags
 #1: stderr all=off uptime,level,tags

Environment Variables:
JAVA_HOME=C:\Program Files\Java\jdk-11.0.3
PATH=C:\Program Files\AdoptOpenJDK\jdk-11.0.3.7-hotspot\bin;C:\ProgramData\Oracle\Java\javapath;C:\WINDOWS\system32;C:\WINDOWS;C:\WINDOWS\System32\Wbem;C:\WINDOWS\System32\WindowsPowerShell\v1.0\;C:\Program Files\dotnet\;C:\Program Files\Git\cmd;C:\Xilinx92i\bin\nt;C:\WINDOWS\System32\OpenSSH\;C:\Users\User\Downloads\galen-bin-2.3.7\;C:\Users\User\Downloads\galen-bin-2.3.7\chrome;C:\Program Files\nodejs\;C:\Program Files\MATLAB\R2018a\runtime\win64;C:\Program Files\MATLAB\R2018a\bin;C:\Users\User\Anaconda3\condabin;C:\Program Files\MATLAB\MATLAB Runtime\v92\runtime\win64;C:\apache-maven-3.6.3\bin;C:\Users\User\AppData\Local\Microsoft\WindowsApps;C:\Users\User\AppData\Local\Programs\Microsoft VS Code\bin;C:\Users\User\AppData\Roaming\npm;C:\Users\User\AppData\Local\GitHubDesktop\bin;C:\Users\User\AppData\Local\Microsoft\WindowsApps;C:\Users\User\AppData\Local\Programs\Python\Python38-32\Scripts\;C:\Users\User\AppData\Local\Programs\Python\Python38-32\;C:\Users\User\AppData\Local\Programs\Python\Python38-32\lib\site-packages;C:\Program Files\Java\jdk-11.0.3\bin;
USERNAME=User
OS=Windows_NT
PROCESSOR_IDENTIFIER=Intel64 Family 6 Model 92 Stepping 9, GenuineIntel



---------------  S Y S T E M  ---------------

OS: Windows 10 , 64 bit Build 18362 (10.0.18362.329)

CPU:total 4 (initial active 4) (4 cores per cpu, 1 threads per core) family 6 model 92 stepping 9, cmov, cx8, fxsr, mmx, sse, sse2, sse3, ssse3, sse4.1, sse4.2, popcnt, aes, clmul, erms, 3dnowpref, tsc, tscinvbit, sha

Memory: 4k page, system-wide physical 3959M (657M free)
TotalPageFile size 10885M (AvailPageFile size 1790M)
current process WorkingSet (physical memory assigned to process): 195M, peak: 203M
current process commit charge ("private bytes"): 253M, peak: 262M

vm_info: OpenJDK 64-Bit Server VM (11.0.3+7) for windows-amd64 JRE (11.0.3+7), built on Apr 18 2019 09:08:27 by "" with MS VC++ 15.8 (VS2017)

END.
